\BOOKMARK [0][]{FrontPage.0}{Front Page}{}% 1
\BOOKMARK [0][]{TitlePage.0}{Title Page}{}% 2
\BOOKMARK [0][]{LibraryPage.0}{Library Page}{}% 3
\BOOKMARK [0][]{theabsanchor-english.0}{Abstract}{}% 4
\BOOKMARK [0][]{section*.2}{Notation}{}% 5
\BOOKMARK [0][]{thetocanchor.0}{Contents}{}% 6
\BOOKMARK [0][]{chapter.1}{1 Encryption of the DVB}{}% 7
\BOOKMARK [1][-]{section.1.1}{1.1 CAS}{chapter.1}% 8
\BOOKMARK [2][-]{subsection.1.1.1}{1.1.1 Standards}{section.1.1}% 9
\BOOKMARK [1][-]{section.1.2}{1.2 DVB-SimulCrypt}{chapter.1}% 10
\BOOKMARK [1][-]{section.1.3}{1.3 Common Interface}{chapter.1}% 11
\BOOKMARK [1][-]{section.1.4}{1.4 Set-up}{chapter.1}% 12
\BOOKMARK [0][]{chapter.2}{2 Scrambling}{}% 13
\BOOKMARK [1][-]{section.2.1}{2.1 Data packets}{chapter.2}% 14
\BOOKMARK [2][-]{subsection.2.1.1}{2.1.1 TS packets}{section.2.1}% 15
\BOOKMARK [2][-]{subsection.2.1.2}{2.1.2 PES packets}{section.2.1}% 16
\BOOKMARK [1][-]{section.2.2}{2.2 Scrambling or Encrypting?}{chapter.2}% 17
\BOOKMARK [1][-]{section.2.3}{2.3 What is the need for cryptography?}{chapter.2}% 18
\BOOKMARK [1][-]{section.2.4}{2.4 Encryption and decryption}{chapter.2}% 19
\BOOKMARK [2][-]{subsection.2.4.1}{2.4.1 Symmetric-key encryption}{section.2.4}% 20
\BOOKMARK [1][-]{section.2.5}{2.5 Public-key encryption}{chapter.2}% 21
\BOOKMARK [2][-]{subsection.2.5.1}{2.5.1 Combinational encryption}{section.2.5}% 22
\BOOKMARK [1][-]{section.2.6}{2.6 Ciphers}{chapter.2}% 23
\BOOKMARK [2][-]{subsection.2.6.1}{2.6.1 Block cipher}{section.2.6}% 24
\BOOKMARK [2][-]{subsection.2.6.2}{2.6.2 Stream cipher}{section.2.6}% 25
\BOOKMARK [1][-]{section.2.7}{2.7 Confusion and Diffusion}{chapter.2}% 26
\BOOKMARK [2][-]{subsection.2.7.1}{2.7.1 S-boxes}{section.2.7}% 27
\BOOKMARK [2][-]{subsection.2.7.2}{2.7.2 P-Boxes}{section.2.7}% 28
\BOOKMARK [1][-]{section.2.8}{2.8 Secrecy}{chapter.2}% 29
\BOOKMARK [0][]{chapter.3}{3 CSA}{}% 30
\BOOKMARK [1][-]{section.3.1}{3.1 History}{chapter.3}% 31
\BOOKMARK [1][-]{section.3.2}{3.2 Layout of the CSA}{chapter.3}% 32
\BOOKMARK [1][-]{section.3.3}{3.3 Security}{chapter.3}% 33
\BOOKMARK [2][-]{subsection.3.3.1}{3.3.1 Brute force}{section.3.3}% 34
\BOOKMARK [1][-]{section.3.4}{3.4 Why do we need a new standard?}{chapter.3}% 35
\BOOKMARK [0][]{chapter.4}{4 CSA3 and CISSA}{}% 36
\BOOKMARK [1][-]{section.4.1}{4.1 CISSA}{chapter.4}% 37
\BOOKMARK [2][-]{subsection.4.1.1}{4.1.1 Software friendly}{section.4.1}% 38
\BOOKMARK [1][-]{section.4.2}{4.2 CSA3}{chapter.4}% 39
\BOOKMARK [2][-]{subsection.4.2.1}{4.2.1 XRC}{section.4.2}% 40
\BOOKMARK [2][-]{subsection.4.2.2}{4.2.2 Hardware friendly}{section.4.2}% 41
\BOOKMARK [1][-]{section.4.3}{4.3 Conclusion}{chapter.4}% 42
\BOOKMARK [0][]{chapter.5}{5 Advanced Encryption standard}{}% 43
\BOOKMARK [1][-]{section.5.1}{5.1 Method}{chapter.5}% 44
\BOOKMARK [2][-]{subsection.5.1.1}{5.1.1 InitialRound}{section.5.1}% 45
\BOOKMARK [2][-]{subsection.5.1.2}{5.1.2 SubBytes}{section.5.1}% 46
\BOOKMARK [2][-]{subsection.5.1.3}{5.1.3 ShiftRows}{section.5.1}% 47
\BOOKMARK [2][-]{subsection.5.1.4}{5.1.4 MixColumns}{section.5.1}% 48
\BOOKMARK [2][-]{subsection.5.1.5}{5.1.5 AddRoundKey}{section.5.1}% 49
\BOOKMARK [1][-]{section.5.2}{5.2 KeyExpansion}{chapter.5}% 50
\BOOKMARK [2][-]{subsection.5.2.1}{5.2.1 Key-schedule core}{section.5.2}% 51
\BOOKMARK [2][-]{subsection.5.2.2}{5.2.2 Rijndael's S-Box}{section.5.2}% 52
\BOOKMARK [2][-]{subsection.5.2.3}{5.2.3 Rcon}{section.5.2}% 53
\BOOKMARK [0][]{chapter.6}{6 Result}{}% 54
\BOOKMARK [1][-]{section.6.1}{6.1 Hardware}{chapter.6}% 55
\BOOKMARK [1][-]{section.6.2}{6.2 Flow}{chapter.6}% 56
\BOOKMARK [1][-]{section.6.3}{6.3 Special solutions}{chapter.6}% 57
\BOOKMARK [1][-]{section.6.4}{6.4 How much of the CSA3 standard has been implemented?}{chapter.6}% 58
\BOOKMARK [0][]{appendix.A}{A Matrixes}{}% 59
\BOOKMARK [1][-]{section.A.1}{A.1 Calculations on the CBC-mode}{appendix.A}% 60
\BOOKMARK [0][]{appendix*.14}{Bibliography}{}% 61
\BOOKMARK [0][]{Copyright.0}{Copyright}{}% 62
