\BOOKMARK [0][]{FrontPage.0}{Front Page}{}% 1
\BOOKMARK [0][]{TitlePage.0}{Title Page}{}% 2
\BOOKMARK [0][]{LibraryPage.0}{Library Page}{}% 3
\BOOKMARK [0][]{theabsanchor-swedish.0}{Sammanfattning}{}% 4
\BOOKMARK [0][]{theabsanchor-english.0}{Abstract}{}% 5
\BOOKMARK [0][]{theackanchor.0}{Tack}{}% 6
\BOOKMARK [0][]{thetocanchor.0}{Inneh\345ll}{}% 7
\BOOKMARK [0][]{section*.4}{Notation}{}% 8
\BOOKMARK [0][]{chapter.1}{1 Introduktion}{}% 9
\BOOKMARK [0][]{chapter.2}{2 Resultat}{}% 10
\BOOKMARK [1][-]{section.2.1}{2.1 Ditten}{chapter.2}% 11
\BOOKMARK [1][-]{section.2.2}{2.2 Framtiden}{chapter.2}% 12
\BOOKMARK [1][-]{section.1.2.A}{2.A Ett par l\345nga bevis}{chapter.2}% 13
\BOOKMARK [0][]{chapter.3}{3 Avslutande kommentarer}{}% 14
\BOOKMARK [0][]{appendix.A}{A Trista saker}{}% 15
\BOOKMARK [1][-]{section.A.1}{A.1 B\344dda s\344ngen}{appendix.A}% 16
\BOOKMARK [1][-]{section.A.2}{A.2 Diska}{appendix.A}% 17
\BOOKMARK [0][]{appendix.B}{B rtthesis documentation and LaTeX tips}{}% 18
\BOOKMARK [1][-]{section.B.1}{B.1 Basic setup}{appendix.B}% 19
\BOOKMARK [1][-]{section.B.2}{B.2 Page layout and related options}{appendix.B}% 20
\BOOKMARK [1][-]{section.B.3}{B.3 Front-matter environments}{appendix.B}% 21
\BOOKMARK [1][-]{section.B.4}{B.4 Abbreviations}{appendix.B}% 22
\BOOKMARK [1][-]{section.B.5}{B.5 Definitions}{appendix.B}% 23
\BOOKMARK [1][-]{section.B.6}{B.6 Theorem titles}{appendix.B}% 24
\BOOKMARK [1][-]{section.B.7}{B.7 To share or not to share counters}{appendix.B}% 25
\BOOKMARK [1][-]{section.B.8}{B.8 Completely customized theorem-like environments}{appendix.B}% 26
\BOOKMARK [1][-]{section.B.9}{B.9 The example environment}{appendix.B}% 27
\BOOKMARK [1][-]{section.B.10}{B.10 Captions}{appendix.B}% 28
\BOOKMARK [1][-]{section.B.11}{B.11 Hyperlinks}{appendix.B}% 29
\BOOKMARK [2][-]{subsection.B.11.1}{B.11.1 Basic setup}{section.B.11}% 30
\BOOKMARK [2][-]{subsection.B.11.2}{B.11.2 Hyperlinks and electronic publishing}{section.B.11}% 31
\BOOKMARK [2][-]{subsection.B.11.3}{B.11.3 Page number formatting in the index}{section.B.11}% 32
\BOOKMARK [2][-]{subsection.B.11.4}{B.11.4 Friendlier hyperlinks}{section.B.11}% 33
\BOOKMARK [1][-]{section.B.12}{B.12 Backreferences from the bibliography}{appendix.B}% 34
\BOOKMARK [1][-]{section.B.13}{B.13 Using the bibentry package}{appendix.B}% 35
\BOOKMARK [1][-]{section.B.14}{B.14 Fonts}{appendix.B}% 36
\BOOKMARK [1][-]{section.B.15}{B.15 Hanging punctuation}{appendix.B}% 37
\BOOKMARK [1][-]{section.B.16}{B.16 Paragraph breaks}{appendix.B}% 38
\BOOKMARK [1][-]{section.B.17}{B.17 Page breaks}{appendix.B}% 39
\BOOKMARK [1][-]{section.B.18}{B.18 Input encoding}{appendix.B}% 40
\BOOKMARK [1][-]{section.B.19}{B.19 rtthesis and natbib}{appendix.B}% 41
\BOOKMARK [1][-]{section.B.20}{B.20 The lists of previous theses}{appendix.B}% 42
\BOOKMARK [1][-]{section.B.21}{B.21 Compilation theses}{appendix.B}% 43
\BOOKMARK [2][-]{subsection.B.21.1}{B.21.1 Including publications in your thesis}{section.B.21}% 44
\BOOKMARK [2][-]{subsection.B.21.2}{B.21.2 Compilation theses and bibliographies}{section.B.21}% 45
\BOOKMARK [1][-]{section.B.22}{B.22 Master's theses}{appendix.B}% 46
\BOOKMARK [2][-]{subsection.B.22.1}{B.22.1 Master's thesis setup}{section.B.22}% 47
\BOOKMARK [2][-]{subsection.B.22.2}{B.22.2 Special pages}{section.B.22}% 48
\BOOKMARK [2][-]{subsection.B.22.3}{B.22.3 Choice of language}{section.B.22}% 49
\BOOKMARK [1][-]{section.B.23}{B.23 Compiling the document}{appendix.B}% 50
\BOOKMARK [1][-]{section.B.24}{B.24 Generating a thesis cover and the \215spikblad\216}{appendix.B}% 51
\BOOKMARK [1][-]{section.B.25}{B.25 Required logotypes \(not included with rtthesis\)}{appendix.B}% 52
\BOOKMARK [1][-]{section.B.26}{B.26 Compatibility with standard packages}{appendix.B}% 53
\BOOKMARK [0][]{Copyright.0}{Copyright}{}% 54
