Release 14.4 - xst P.49d (nt64)
Copyright (c) 1995-2012 Xilinx, Inc.  All rights reserved.
--> Parameter TMPDIR set to xst/projnav.tmp


Total REAL time to Xst completion: 0.00 secs
Total CPU time to Xst completion: 0.34 secs
 
--> Parameter xsthdpdir set to xst


Total REAL time to Xst completion: 0.00 secs
Total CPU time to Xst completion: 0.34 secs
 
--> Reading design: addroundkey.prj

TABLE OF CONTENTS
  1) Synthesis Options Summary
  2) HDL Parsing
  3) HDL Elaboration
  4) HDL Synthesis
       4.1) HDL Synthesis Report
  5) Advanced HDL Synthesis
       5.1) Advanced HDL Synthesis Report
  6) Low Level Synthesis
  7) Partition Report
  8) Design Summary
       8.1) Primitive and Black Box Usage
       8.2) Device utilization summary
       8.3) Partition Resource Summary
       8.4) Timing Report
            8.4.1) Clock Information
            8.4.2) Asynchronous Control Signals Information
            8.4.3) Timing Summary
            8.4.4) Timing Details
            8.4.5) Cross Clock Domains Report


=========================================================================
*                      Synthesis Options Summary                        *
=========================================================================
---- Source Parameters
Input File Name                    : "addroundkey.prj"
Ignore Synthesis Constraint File   : NO

---- Target Parameters
Output File Name                   : "addroundkey"
Output Format                      : NGC
Target Device                      : xc6slx100t-2-fgg484

---- Source Options
Top Module Name                    : addroundkey
Automatic FSM Extraction           : YES
FSM Encoding Algorithm             : Auto
Safe Implementation                : No
FSM Style                          : LUT
RAM Extraction                     : Yes
RAM Style                          : Auto
ROM Extraction                     : Yes
Shift Register Extraction          : YES
ROM Style                          : Auto
Resource Sharing                   : YES
Asynchronous To Synchronous        : NO
Shift Register Minimum Size        : 2
Use DSP Block                      : Auto
Automatic Register Balancing       : No

---- Target Options
LUT Combining                      : Auto
Reduce Control Sets                : Auto
Add IO Buffers                     : YES
Global Maximum Fanout              : 100000
Add Generic Clock Buffer(BUFG)     : 16
Register Duplication               : YES
Optimize Instantiated Primitives   : NO
Use Clock Enable                   : Auto
Use Synchronous Set                : Auto
Use Synchronous Reset              : Auto
Pack IO Registers into IOBs        : Auto
Equivalent register Removal        : YES

---- General Options
Optimization Goal                  : Speed
Optimization Effort                : 1
Power Reduction                    : NO
Keep Hierarchy                     : No
Netlist Hierarchy                  : As_Optimized
RTL Output                         : Yes
Global Optimization                : AllClockNets
Read Cores                         : YES
Write Timing Constraints           : NO
Cross Clock Analysis               : NO
Hierarchy Separator                : /
Bus Delimiter                      : <>
Case Specifier                     : Maintain
Slice Utilization Ratio            : 100
BRAM Utilization Ratio             : 100
DSP48 Utilization Ratio            : 100
Auto BRAM Packing                  : NO
Slice Utilization Ratio Delta      : 5

---- Other Options
Cores Search Directories           : {"coregen" "ipcore_dir"  }

=========================================================================


=========================================================================
*                          HDL Parsing                                  *
=========================================================================
Parsing VHDL file "C:\Users\gustaf.bengtz\Documents\aes\aes\rtl\byte.vhd" into library work
Parsing package <byte>.
Parsing VHDL file "C:\Users\gustaf.bengtz\Documents\aes\aes\rtl\key_p.vhd" into library work
Parsing package <key>.
Parsing VHDL file "C:\Users\gustaf.bengtz\Documents\aes\aes\rtl\xor_b.vhd" into library work
Parsing entity <xor_k>.
Parsing architecture <behav> of entity <xor_k>.
Parsing entity <xor_b>.
Parsing architecture <behav> of entity <xor_b>.
Parsing entity <xor1>.
Parsing architecture <behav> of entity <xor1>.
Parsing entity <xor_iv>.
Parsing architecture <behav> of entity <xor_iv>.
Parsing VHDL file "C:\Users\gustaf.bengtz\Documents\aes\aes\rtl\state_p.vhd" into library work
Parsing package <state>.
Parsing VHDL file "C:\Users\gustaf.bengtz\Documents\aes\aes\rtl\addroundkey.vhd" into library work
Parsing entity <addroundkey>.
Parsing architecture <behav> of entity <addroundkey>.

=========================================================================
*                            HDL Elaboration                            *
=========================================================================

Elaborating entity <addroundkey> (architecture <behav>) from library <work>.

Elaborating entity <xor_b> (architecture <behav>) from library <work>.

Elaborating entity <xor1> (architecture <behav>) from library <work>.

=========================================================================
*                           HDL Synthesis                               *
=========================================================================

Synthesizing Unit <addroundkey>.
    Related source file is "C:\Users\gustaf.bengtz\Documents\aes\aes\rtl\addroundkey.vhd".
    Summary:
	no macro.
Unit <addroundkey> synthesized.

Synthesizing Unit <xor_b>.
    Related source file is "C:\Users\gustaf.bengtz\Documents\aes\aes\rtl\xor_b.vhd".
    Summary:
	no macro.
Unit <xor_b> synthesized.

Synthesizing Unit <xor1>.
    Related source file is "C:\Users\gustaf.bengtz\Documents\aes\aes\rtl\xor_b.vhd".
    Summary:
	no macro.
Unit <xor1> synthesized.

=========================================================================
HDL Synthesis Report

Found no macro
=========================================================================

=========================================================================
*                       Advanced HDL Synthesis                          *
=========================================================================


=========================================================================
Advanced HDL Synthesis Report

Found no macro
=========================================================================

=========================================================================
*                         Low Level Synthesis                           *
=========================================================================

Optimizing unit <addroundkey> ...

Mapping all equations...
Building and optimizing final netlist ...
Found area constraint ratio of 100 (+ 5) on block addroundkey, actual ratio is 0.

Final Macro Processing ...

=========================================================================
Final Register Report

Found no macro
=========================================================================

=========================================================================
*                           Partition Report                            *
=========================================================================

Partition Implementation Status
-------------------------------

  No Partitions were found in this design.

-------------------------------

=========================================================================
*                            Design Summary                             *
=========================================================================

Top Level Output File Name         : addroundkey.ngc

Primitive and Black Box Usage:
------------------------------
# BELS                             : 128
#      LUT2                        : 128
# IO Buffers                       : 384
#      IBUF                        : 256
#      OBUF                        : 128

Device utilization summary:
---------------------------

Selected Device : 6slx100tfgg484-2 


Slice Logic Utilization: 
 Number of Slice LUTs:                  128  out of  63288     0%  
    Number used as Logic:               128  out of  63288     0%  

Slice Logic Distribution: 
 Number of LUT Flip Flop pairs used:    128
   Number with an unused Flip Flop:     128  out of    128   100%  
   Number with an unused LUT:             0  out of    128     0%  
   Number of fully used LUT-FF pairs:     0  out of    128     0%  
   Number of unique control sets:         0

IO Utilization: 
 Number of IOs:                         384
 Number of bonded IOBs:                 384  out of    296   129% (*) 

Specific Feature Utilization:

WARNING:Xst:1336 -  (*) More than 100% of Device resources are used

---------------------------
Partition Resource Summary:
---------------------------

  No Partitions were found in this design.

---------------------------


=========================================================================
Timing Report

NOTE: THESE TIMING NUMBERS ARE ONLY A SYNTHESIS ESTIMATE.
      FOR ACCURATE TIMING INFORMATION PLEASE REFER TO THE TRACE REPORT
      GENERATED AFTER PLACE-and-ROUTE.

Clock Information:
------------------
No clock signals found in this design

Asynchronous Control Signals Information:
----------------------------------------
No asynchronous control signals found in this design

Timing Summary:
---------------
Speed Grade: -2

   Minimum period: No path found
   Minimum input arrival time before clock: No path found
   Maximum output required time after clock: No path found
   Maximum combinational path delay: 5.961ns

Timing Details:
---------------
All values displayed in nanoseconds (ns)

=========================================================================
Timing constraint: Default path analysis
  Total number of paths / destination ports: 256 / 128
-------------------------------------------------------------------------
Delay:               5.961ns (Levels of Logic = 3)
  Source:            in_key<15><7> (PAD)
  Destination:       output_a<0><0><7> (PAD)

  Data Path: in_key<15><7> to output_a<0><0><7>
                                Gate     Net
    Cell:in->out      fanout   Delay   Delay  Logical Name (Net Name)
    ----------------------------------------  ------------
     IBUF:I->O             1   1.328   0.790  in_key_15__7_IBUF (in_key_15__7_IBUF)
     LUT2:I0->O            1   0.250   0.681  u0/U7/output1 (output_a_0__0__7_OBUF)
     OBUF:I->O                 2.912          output_a_0__0__7_OBUF (output_a<0><0><7>)
    ----------------------------------------
    Total                      5.961ns (4.490ns logic, 1.471ns route)
                                       (75.3% logic, 24.7% route)

=========================================================================

Cross Clock Domains Report:
--------------------------

=========================================================================


Total REAL time to Xst completion: 11.00 secs
Total CPU time to Xst completion: 11.16 secs
 
--> 

Total memory usage is 255548 kilobytes

Number of errors   :    0 (   0 filtered)
Number of warnings :    1 (   0 filtered)
Number of infos    :    0 (   0 filtered)

