Release 14.4 - xst P.49d (nt64)
Copyright (c) 1995-2012 Xilinx, Inc.  All rights reserved.
--> Parameter TMPDIR set to xst/projnav.tmp


Total REAL time to Xst completion: 0.00 secs
Total CPU time to Xst completion: 0.31 secs
 
--> Parameter xsthdpdir set to xst


Total REAL time to Xst completion: 0.00 secs
Total CPU time to Xst completion: 0.31 secs
 
--> Reading design: counter.prj

TABLE OF CONTENTS
  1) Synthesis Options Summary
  2) HDL Parsing
  3) HDL Elaboration
  4) HDL Synthesis
       4.1) HDL Synthesis Report
  5) Advanced HDL Synthesis
       5.1) Advanced HDL Synthesis Report
  6) Low Level Synthesis
  7) Partition Report
  8) Design Summary
       8.1) Primitive and Black Box Usage
       8.2) Device utilization summary
       8.3) Partition Resource Summary
       8.4) Timing Report
            8.4.1) Clock Information
            8.4.2) Asynchronous Control Signals Information
            8.4.3) Timing Summary
            8.4.4) Timing Details
            8.4.5) Cross Clock Domains Report


=========================================================================
*                      Synthesis Options Summary                        *
=========================================================================
---- Source Parameters
Input File Name                    : "counter.prj"
Ignore Synthesis Constraint File   : NO

---- Target Parameters
Output File Name                   : "counter"
Output Format                      : NGC
Target Device                      : xc6slx100t-2-fgg484

---- Source Options
Top Module Name                    : counter
Automatic FSM Extraction           : YES
FSM Encoding Algorithm             : Auto
Safe Implementation                : No
FSM Style                          : LUT
RAM Extraction                     : Yes
RAM Style                          : Auto
ROM Extraction                     : Yes
Shift Register Extraction          : YES
ROM Style                          : Auto
Resource Sharing                   : YES
Asynchronous To Synchronous        : NO
Shift Register Minimum Size        : 2
Use DSP Block                      : Auto
Automatic Register Balancing       : No

---- Target Options
LUT Combining                      : Auto
Reduce Control Sets                : Auto
Add IO Buffers                     : YES
Global Maximum Fanout              : 100000
Add Generic Clock Buffer(BUFG)     : 16
Register Duplication               : YES
Optimize Instantiated Primitives   : NO
Use Clock Enable                   : Auto
Use Synchronous Set                : Auto
Use Synchronous Reset              : Auto
Pack IO Registers into IOBs        : Auto
Equivalent register Removal        : YES

---- General Options
Optimization Goal                  : Speed
Optimization Effort                : 1
Power Reduction                    : NO
Keep Hierarchy                     : No
Netlist Hierarchy                  : As_Optimized
RTL Output                         : Yes
Global Optimization                : AllClockNets
Read Cores                         : YES
Write Timing Constraints           : NO
Cross Clock Analysis               : NO
Hierarchy Separator                : /
Bus Delimiter                      : <>
Case Specifier                     : Maintain
Slice Utilization Ratio            : 100
BRAM Utilization Ratio             : 100
DSP48 Utilization Ratio            : 100
Auto BRAM Packing                  : NO
Slice Utilization Ratio Delta      : 5

---- Other Options
Cores Search Directories           : {"coregen" "ipcore_dir"  }

=========================================================================


=========================================================================
*                          HDL Parsing                                  *
=========================================================================
Parsing VHDL file "C:\Users\gustaf.bengtz\Documents\aes\aes\rtl\counter.vhd" into library work
Parsing entity <counter>.
Parsing architecture <behav> of entity <counter>.

=========================================================================
*                            HDL Elaboration                            *
=========================================================================

Elaborating entity <counter> (architecture <behav>) from library <work>.

=========================================================================
*                           HDL Synthesis                               *
=========================================================================

Synthesizing Unit <counter>.
    Related source file is "C:\Users\gustaf.bengtz\Documents\aes\aes\rtl\counter.vhd".
    Found 1-bit register for signal <pd>.
    Found 8-bit register for signal <temp>.
    Found 8-bit adder for signal <temp[7]_GND_3_o_add_1_OUT> created at line 27.
    Summary:
	inferred   1 Adder/Subtractor(s).
	inferred   9 D-type flip-flop(s).
	inferred   1 Multiplexer(s).
Unit <counter> synthesized.

=========================================================================
HDL Synthesis Report

Macro Statistics
# Adders/Subtractors                                   : 1
 8-bit adder                                           : 1
# Registers                                            : 2
 1-bit register                                        : 1
 8-bit register                                        : 1
# Multiplexers                                         : 1
 8-bit 2-to-1 multiplexer                              : 1

=========================================================================

=========================================================================
*                       Advanced HDL Synthesis                          *
=========================================================================


Synthesizing (advanced) Unit <counter>.
The following registers are absorbed into counter <temp>: 1 register on signal <temp>.
Unit <counter> synthesized (advanced).

=========================================================================
Advanced HDL Synthesis Report

Macro Statistics
# Counters                                             : 1
 8-bit up counter                                      : 1
# Registers                                            : 1
 Flip-Flops                                            : 1

=========================================================================

=========================================================================
*                         Low Level Synthesis                           *
=========================================================================

Optimizing unit <counter> ...

Mapping all equations...
Building and optimizing final netlist ...
Found area constraint ratio of 100 (+ 5) on block counter, actual ratio is 0.

Final Macro Processing ...

=========================================================================
Final Register Report

Macro Statistics
# Registers                                            : 9
 Flip-Flops                                            : 9

=========================================================================

=========================================================================
*                           Partition Report                            *
=========================================================================

Partition Implementation Status
-------------------------------

  No Partitions were found in this design.

-------------------------------

=========================================================================
*                            Design Summary                             *
=========================================================================

Top Level Output File Name         : counter.ngc

Primitive and Black Box Usage:
------------------------------
# BELS                             : 30
#      GND                         : 1
#      LUT1                        : 1
#      LUT2                        : 2
#      LUT3                        : 2
#      LUT5                        : 1
#      LUT6                        : 8
#      MUXCY                       : 7
#      XORCY                       : 8
# FlipFlops/Latches                : 9
#      FD                          : 1
#      FDRE                        : 7
#      FDSE                        : 1
# Clock Buffers                    : 1
#      BUFGP                       : 1
# IO Buffers                       : 12
#      IBUF                        : 4
#      OBUF                        : 8

Device utilization summary:
---------------------------

Selected Device : 6slx100tfgg484-2 


Slice Logic Utilization: 
 Number of Slice Registers:               9  out of  126576     0%  
 Number of Slice LUTs:                   14  out of  63288     0%  
    Number used as Logic:                14  out of  63288     0%  

Slice Logic Distribution: 
 Number of LUT Flip Flop pairs used:     15
   Number with an unused Flip Flop:       6  out of     15    40%  
   Number with an unused LUT:             1  out of     15     6%  
   Number of fully used LUT-FF pairs:     8  out of     15    53%  
   Number of unique control sets:         2

IO Utilization: 
 Number of IOs:                          13
 Number of bonded IOBs:                  13  out of    296     4%  

Specific Feature Utilization:
 Number of BUFG/BUFGCTRLs:                1  out of     16     6%  

---------------------------
Partition Resource Summary:
---------------------------

  No Partitions were found in this design.

---------------------------


=========================================================================
Timing Report

NOTE: THESE TIMING NUMBERS ARE ONLY A SYNTHESIS ESTIMATE.
      FOR ACCURATE TIMING INFORMATION PLEASE REFER TO THE TRACE REPORT
      GENERATED AFTER PLACE-and-ROUTE.

Clock Information:
------------------
-----------------------------------+------------------------+-------+
Clock Signal                       | Clock buffer(FF name)  | Load  |
-----------------------------------+------------------------+-------+
clk                                | BUFGP                  | 9     |
-----------------------------------+------------------------+-------+

Asynchronous Control Signals Information:
----------------------------------------
No asynchronous control signals found in this design

Timing Summary:
---------------
Speed Grade: -2

   Minimum period: 4.076ns (Maximum Frequency: 245.354MHz)
   Minimum input arrival time before clock: 3.814ns
   Maximum output required time after clock: 4.412ns
   Maximum combinational path delay: No path found

Timing Details:
---------------
All values displayed in nanoseconds (ns)

=========================================================================
Timing constraint: Default period analysis for Clock 'clk'
  Clock period: 4.076ns (frequency: 245.354MHz)
  Total number of paths / destination ports: 318 / 17
-------------------------------------------------------------------------
Delay:               4.076ns (Levels of Logic = 10)
  Source:            temp_2 (FF)
  Destination:       temp_7 (FF)
  Source Clock:      clk rising
  Destination Clock: clk rising

  Data Path: temp_2 to temp_7
                                Gate     Net
    Cell:in->out      fanout   Delay   Delay  Logical Name (Net Name)
    ----------------------------------------  ------------
     FDRE:C->Q             3   0.525   0.994  temp_2 (temp_2)
     LUT3:I0->O            8   0.235   0.944  PWR_3_o_temp[7]_equal_1_o<7>_SW0 (N2)
     LUT6:I5->O            1   0.254   0.681  PWR_3_o_temp[7]_equal_1_o_inv1 (PWR_3_o_temp[7]_equal_1_o_inv)
     MUXCY:CI->O           1   0.023   0.000  Mcount_temp_cy<0> (Mcount_temp_cy<0>)
     MUXCY:CI->O           1   0.023   0.000  Mcount_temp_cy<1> (Mcount_temp_cy<1>)
     MUXCY:CI->O           1   0.023   0.000  Mcount_temp_cy<2> (Mcount_temp_cy<2>)
     MUXCY:CI->O           1   0.023   0.000  Mcount_temp_cy<3> (Mcount_temp_cy<3>)
     MUXCY:CI->O           1   0.023   0.000  Mcount_temp_cy<4> (Mcount_temp_cy<4>)
     MUXCY:CI->O           1   0.023   0.000  Mcount_temp_cy<5> (Mcount_temp_cy<5>)
     MUXCY:CI->O           0   0.023   0.000  Mcount_temp_cy<6> (Mcount_temp_cy<6>)
     XORCY:CI->O           1   0.206   0.000  Mcount_temp_xor<7> (Mcount_temp7)
     FDRE:D                    0.074          temp_7
    ----------------------------------------
    Total                      4.076ns (1.457ns logic, 2.619ns route)
                                       (35.7% logic, 64.3% route)

=========================================================================
Timing constraint: Default OFFSET IN BEFORE for Clock 'clk'
  Total number of paths / destination ports: 36 / 17
-------------------------------------------------------------------------
Offset:              3.814ns (Levels of Logic = 2)
  Source:            reset (PAD)
  Destination:       temp_0 (FF)
  Destination Clock: clk rising

  Data Path: reset to temp_0
                                Gate     Net
    Cell:in->out      fanout   Delay   Delay  Logical Name (Net Name)
    ----------------------------------------  ------------
     IBUF:I->O             2   1.328   0.834  reset_IBUF (reset_IBUF)
     LUT2:I0->O            8   0.250   0.943  reset_reset_i_OR_1_o1 (reset_reset_i_OR_1_o)
     FDSE:S                    0.459          temp_0
    ----------------------------------------
    Total                      3.814ns (2.037ns logic, 1.777ns route)
                                       (53.4% logic, 46.6% route)

=========================================================================
Timing constraint: Default OFFSET OUT AFTER for Clock 'clk'
  Total number of paths / destination ports: 8 / 8
-------------------------------------------------------------------------
Offset:              4.412ns (Levels of Logic = 1)
  Source:            temp_7 (FF)
  Destination:       output<7> (PAD)
  Source Clock:      clk rising

  Data Path: temp_7 to output<7>
                                Gate     Net
    Cell:in->out      fanout   Delay   Delay  Logical Name (Net Name)
    ----------------------------------------  ------------
     FDRE:C->Q             9   0.525   0.975  temp_7 (temp_7)
     OBUF:I->O                 2.912          output_7_OBUF (output<7>)
    ----------------------------------------
    Total                      4.412ns (3.437ns logic, 0.975ns route)
                                       (77.9% logic, 22.1% route)

=========================================================================

Cross Clock Domains Report:
--------------------------

Clock to Setup on destination clock clk
---------------+---------+---------+---------+---------+
               | Src:Rise| Src:Fall| Src:Rise| Src:Fall|
Source Clock   |Dest:Rise|Dest:Rise|Dest:Fall|Dest:Fall|
---------------+---------+---------+---------+---------+
clk            |    4.076|         |         |         |
---------------+---------+---------+---------+---------+

=========================================================================


Total REAL time to Xst completion: 11.00 secs
Total CPU time to Xst completion: 11.35 secs
 
--> 

Total memory usage is 253820 kilobytes

Number of errors   :    0 (   0 filtered)
Number of warnings :    0 (   0 filtered)
Number of infos    :    0 (   0 filtered)

