Release 14.4 - xst P.49d (nt64)
Copyright (c) 1995-2012 Xilinx, Inc.  All rights reserved.
--> Parameter TMPDIR set to xst/projnav.tmp


Total REAL time to Xst completion: 1.00 secs
Total CPU time to Xst completion: 0.56 secs
 
--> Parameter xsthdpdir set to xst


Total REAL time to Xst completion: 1.00 secs
Total CPU time to Xst completion: 0.57 secs
 
--> Reading design: keyblock1.prj

TABLE OF CONTENTS
  1) Synthesis Options Summary
  2) HDL Parsing
  3) HDL Elaboration
  4) HDL Synthesis
       4.1) HDL Synthesis Report
  5) Advanced HDL Synthesis
       5.1) Advanced HDL Synthesis Report
  6) Low Level Synthesis
  7) Partition Report
  8) Design Summary
       8.1) Primitive and Black Box Usage
       8.2) Device utilization summary
       8.3) Partition Resource Summary
       8.4) Timing Report
            8.4.1) Clock Information
            8.4.2) Asynchronous Control Signals Information
            8.4.3) Timing Summary
            8.4.4) Timing Details
            8.4.5) Cross Clock Domains Report


=========================================================================
*                      Synthesis Options Summary                        *
=========================================================================
---- Source Parameters
Input File Name                    : "keyblock1.prj"
Ignore Synthesis Constraint File   : NO

---- Target Parameters
Output File Name                   : "keyblock1"
Output Format                      : NGC
Target Device                      : xc6slx100t-2-fgg484

---- Source Options
Top Module Name                    : keyblock1
Automatic FSM Extraction           : YES
FSM Encoding Algorithm             : Auto
Safe Implementation                : No
FSM Style                          : LUT
RAM Extraction                     : Yes
RAM Style                          : Auto
ROM Extraction                     : Yes
Shift Register Extraction          : YES
ROM Style                          : Auto
Resource Sharing                   : YES
Asynchronous To Synchronous        : NO
Shift Register Minimum Size        : 2
Use DSP Block                      : Auto
Automatic Register Balancing       : No

---- Target Options
LUT Combining                      : Auto
Reduce Control Sets                : Auto
Add IO Buffers                     : YES
Global Maximum Fanout              : 100000
Add Generic Clock Buffer(BUFG)     : 16
Register Duplication               : YES
Optimize Instantiated Primitives   : NO
Use Clock Enable                   : Auto
Use Synchronous Set                : Auto
Use Synchronous Reset              : Auto
Pack IO Registers into IOBs        : Auto
Equivalent register Removal        : YES

---- General Options
Optimization Goal                  : Speed
Optimization Effort                : 1
Power Reduction                    : NO
Keep Hierarchy                     : No
Netlist Hierarchy                  : As_Optimized
RTL Output                         : Yes
Global Optimization                : AllClockNets
Read Cores                         : YES
Write Timing Constraints           : NO
Cross Clock Analysis               : NO
Hierarchy Separator                : /
Bus Delimiter                      : <>
Case Specifier                     : Maintain
Slice Utilization Ratio            : 100
BRAM Utilization Ratio             : 100
DSP48 Utilization Ratio            : 100
Auto BRAM Packing                  : NO
Slice Utilization Ratio Delta      : 5

---- Other Options
Cores Search Directories           : {"coregen" "ipcore_dir"  }

=========================================================================


=========================================================================
*                          HDL Parsing                                  *
=========================================================================
Parsing VHDL file "C:\Users\gustaf.bengtz\Documents\aes\aes\rtl\byte.vhd" into library work
Parsing package <byte>.
Parsing VHDL file "C:\Users\gustaf.bengtz\Documents\aes\aes\rtl\key_p.vhd" into library work
Parsing package <key>.
Parsing VHDL file "C:\Users\gustaf.bengtz\Documents\aes\aes\rtl\word_p.vhd" into library work
Parsing package <word>.
Parsing package <packet>.
Parsing VHDL file "C:\Users\gustaf.bengtz\Documents\aes\aes\rtl\ex_key_p.vhd" into library work
Parsing package <exkey>.
Parsing VHDL file "C:\Users\gustaf.bengtz\Documents\aes\aes\rtl\keyblock1.vhd" into library work
Parsing entity <keyblock1>.
Parsing architecture <behav> of entity <keyblock1>.

=========================================================================
*                            HDL Elaboration                            *
=========================================================================

Elaborating entity <keyblock1> (architecture <behav>) from library <work>.

=========================================================================
*                           HDL Synthesis                               *
=========================================================================

Synthesizing Unit <keyblock1>.
    Related source file is "C:\Users\gustaf.bengtz\Documents\aes\aes\rtl\keyblock1.vhd".
WARNING:Xst:647 - Input <input<0><15>> is never used. This port will be preserved and left unconnected if it belongs to a top-level block or it belongs to a sub-block and the hierarchy of this sub-block is preserved.
WARNING:Xst:647 - Input <input<0><14>> is never used. This port will be preserved and left unconnected if it belongs to a top-level block or it belongs to a sub-block and the hierarchy of this sub-block is preserved.
WARNING:Xst:647 - Input <input<0><13>> is never used. This port will be preserved and left unconnected if it belongs to a top-level block or it belongs to a sub-block and the hierarchy of this sub-block is preserved.
WARNING:Xst:647 - Input <input<0><12>> is never used. This port will be preserved and left unconnected if it belongs to a top-level block or it belongs to a sub-block and the hierarchy of this sub-block is preserved.
WARNING:Xst:647 - Input <input<0><11>> is never used. This port will be preserved and left unconnected if it belongs to a top-level block or it belongs to a sub-block and the hierarchy of this sub-block is preserved.
WARNING:Xst:647 - Input <input<0><10>> is never used. This port will be preserved and left unconnected if it belongs to a top-level block or it belongs to a sub-block and the hierarchy of this sub-block is preserved.
WARNING:Xst:647 - Input <input<0><9>> is never used. This port will be preserved and left unconnected if it belongs to a top-level block or it belongs to a sub-block and the hierarchy of this sub-block is preserved.
WARNING:Xst:647 - Input <input<0><8>> is never used. This port will be preserved and left unconnected if it belongs to a top-level block or it belongs to a sub-block and the hierarchy of this sub-block is preserved.
WARNING:Xst:647 - Input <input<0><7>> is never used. This port will be preserved and left unconnected if it belongs to a top-level block or it belongs to a sub-block and the hierarchy of this sub-block is preserved.
WARNING:Xst:647 - Input <input<0><6>> is never used. This port will be preserved and left unconnected if it belongs to a top-level block or it belongs to a sub-block and the hierarchy of this sub-block is preserved.
WARNING:Xst:647 - Input <input<0><5>> is never used. This port will be preserved and left unconnected if it belongs to a top-level block or it belongs to a sub-block and the hierarchy of this sub-block is preserved.
WARNING:Xst:647 - Input <input<0><4>> is never used. This port will be preserved and left unconnected if it belongs to a top-level block or it belongs to a sub-block and the hierarchy of this sub-block is preserved.
WARNING:Xst:647 - Input <input<10><3>> is never used. This port will be preserved and left unconnected if it belongs to a top-level block or it belongs to a sub-block and the hierarchy of this sub-block is preserved.
WARNING:Xst:647 - Input <input<10><2>> is never used. This port will be preserved and left unconnected if it belongs to a top-level block or it belongs to a sub-block and the hierarchy of this sub-block is preserved.
WARNING:Xst:647 - Input <input<10><1>> is never used. This port will be preserved and left unconnected if it belongs to a top-level block or it belongs to a sub-block and the hierarchy of this sub-block is preserved.
WARNING:Xst:647 - Input <input<10><0>> is never used. This port will be preserved and left unconnected if it belongs to a top-level block or it belongs to a sub-block and the hierarchy of this sub-block is preserved.
    Summary:
	no macro.
Unit <keyblock1> synthesized.

=========================================================================
HDL Synthesis Report

Found no macro
=========================================================================

=========================================================================
*                       Advanced HDL Synthesis                          *
=========================================================================


=========================================================================
Advanced HDL Synthesis Report

Found no macro
=========================================================================

=========================================================================
*                         Low Level Synthesis                           *
=========================================================================

Optimizing unit <keyblock1> ...

Mapping all equations...
Building and optimizing final netlist ...
Found area constraint ratio of 100 (+ 5) on block keyblock1, actual ratio is 1.

Final Macro Processing ...

=========================================================================
Final Register Report

Found no macro
=========================================================================

=========================================================================
*                           Partition Report                            *
=========================================================================

Partition Implementation Status
-------------------------------

  No Partitions were found in this design.

-------------------------------

=========================================================================
*                            Design Summary                             *
=========================================================================

Top Level Output File Name         : keyblock1.ngc

Primitive and Black Box Usage:
------------------------------
# BELS                             : 689
#      LUT3                        : 10
#      LUT4                        : 128
#      LUT5                        : 195
#      LUT6                        : 356
# IO Buffers                       : 1320
#      IBUF                        : 1288
#      OBUF                        : 32

Device utilization summary:
---------------------------

Selected Device : 6slx100tfgg484-2 


Slice Logic Utilization: 
 Number of Slice LUTs:                  689  out of  63288     1%  
    Number used as Logic:               689  out of  63288     1%  

Slice Logic Distribution: 
 Number of LUT Flip Flop pairs used:    689
   Number with an unused Flip Flop:     689  out of    689   100%  
   Number with an unused LUT:             0  out of    689     0%  
   Number of fully used LUT-FF pairs:     0  out of    689     0%  
   Number of unique control sets:         0

IO Utilization: 
 Number of IOs:                        1448
 Number of bonded IOBs:                1320  out of    296   445% (*) 

Specific Feature Utilization:

WARNING:Xst:1336 -  (*) More than 100% of Device resources are used

---------------------------
Partition Resource Summary:
---------------------------

  No Partitions were found in this design.

---------------------------


=========================================================================
Timing Report

NOTE: THESE TIMING NUMBERS ARE ONLY A SYNTHESIS ESTIMATE.
      FOR ACCURATE TIMING INFORMATION PLEASE REFER TO THE TRACE REPORT
      GENERATED AFTER PLACE-and-ROUTE.

Clock Information:
------------------
No clock signals found in this design

Asynchronous Control Signals Information:
----------------------------------------
No asynchronous control signals found in this design

Timing Summary:
---------------
Speed Grade: -2

   Minimum period: No path found
   Minimum input arrival time before clock: No path found
   Maximum output required time after clock: No path found
   Maximum combinational path delay: 14.894ns

Timing Details:
---------------
All values displayed in nanoseconds (ns)

=========================================================================
Timing constraint: Default path analysis
  Total number of paths / destination ports: 7872 / 32
-------------------------------------------------------------------------
Delay:               14.894ns (Levels of Logic = 8)
  Source:            c<5> (PAD)
  Destination:       output<3><7> (PAD)

  Data Path: c<5> to output<3><7>
                                Gate     Net
    Cell:in->out      fanout   Delay   Delay  Logical Name (Net Name)
    ----------------------------------------  ------------
     IBUF:I->O           201   1.328   2.692  c_5_IBUF (c_5_IBUF)
     LUT5:I1->O            4   0.254   1.032  GND_8_o_temp[31]_equal_22_o<7>11 (GND_8_o_temp[31]_equal_22_o<7>1)
     LUT3:I0->O           64   0.235   2.385  GND_8_o_temp[31]_equal_8_o<7>11 (GND_8_o_temp[31]_equal_8_o<7>1)
     LUT6:I0->O            1   0.254   0.910  t<0><0>1 (t<0><0>)
     LUT6:I3->O            1   0.235   0.790  t<0><0>3 (t<0><0>2)
     LUT6:I4->O            1   0.250   0.682  t<0><0>22_SW0 (N2)
     LUT6:I5->O            1   0.254   0.681  t<0><0>22 (output_0__0_OBUF)
     OBUF:I->O                 2.912          output_0__0_OBUF (output<0><0>)
    ----------------------------------------
    Total                     14.894ns (5.722ns logic, 9.172ns route)
                                       (38.4% logic, 61.6% route)

=========================================================================

Cross Clock Domains Report:
--------------------------

=========================================================================


Total REAL time to Xst completion: 14.00 secs
Total CPU time to Xst completion: 13.92 secs
 
--> 

Total memory usage is 259324 kilobytes

Number of errors   :    0 (   0 filtered)
Number of warnings :   17 (   0 filtered)
Number of infos    :    0 (   0 filtered)

