Release 14.4 - xst P.49d (nt64)
Copyright (c) 1995-2012 Xilinx, Inc.  All rights reserved.
--> Parameter TMPDIR set to xst/projnav.tmp


Total REAL time to Xst completion: 0.00 secs
Total CPU time to Xst completion: 0.19 secs
 
--> Parameter xsthdpdir set to xst


Total REAL time to Xst completion: 0.00 secs
Total CPU time to Xst completion: 0.19 secs
 
--> Reading design: manager.prj

TABLE OF CONTENTS
  1) Synthesis Options Summary
  2) HDL Parsing
  3) HDL Elaboration
  4) HDL Synthesis
       4.1) HDL Synthesis Report
  5) Advanced HDL Synthesis
       5.1) Advanced HDL Synthesis Report
  6) Low Level Synthesis
  7) Partition Report
  8) Design Summary
       8.1) Primitive and Black Box Usage
       8.2) Device utilization summary
       8.3) Partition Resource Summary
       8.4) Timing Report
            8.4.1) Clock Information
            8.4.2) Asynchronous Control Signals Information
            8.4.3) Timing Summary
            8.4.4) Timing Details
            8.4.5) Cross Clock Domains Report


=========================================================================
*                      Synthesis Options Summary                        *
=========================================================================
---- Source Parameters
Input File Name                    : "manager.prj"
Ignore Synthesis Constraint File   : NO

---- Target Parameters
Output File Name                   : "manager"
Output Format                      : NGC
Target Device                      : xc6slx100t-2-fgg484

---- Source Options
Top Module Name                    : manager
Automatic FSM Extraction           : YES
FSM Encoding Algorithm             : Auto
Safe Implementation                : No
FSM Style                          : LUT
RAM Extraction                     : Yes
RAM Style                          : Auto
ROM Extraction                     : Yes
Shift Register Extraction          : YES
ROM Style                          : Auto
Resource Sharing                   : YES
Asynchronous To Synchronous        : NO
Shift Register Minimum Size        : 2
Use DSP Block                      : Auto
Automatic Register Balancing       : No

---- Target Options
LUT Combining                      : Auto
Reduce Control Sets                : Auto
Add IO Buffers                     : YES
Global Maximum Fanout              : 100000
Add Generic Clock Buffer(BUFG)     : 16
Register Duplication               : YES
Optimize Instantiated Primitives   : NO
Use Clock Enable                   : Auto
Use Synchronous Set                : Auto
Use Synchronous Reset              : Auto
Pack IO Registers into IOBs        : Auto
Equivalent register Removal        : YES

---- General Options
Optimization Goal                  : Speed
Optimization Effort                : 1
Power Reduction                    : NO
Keep Hierarchy                     : No
Netlist Hierarchy                  : As_Optimized
RTL Output                         : Yes
Global Optimization                : AllClockNets
Read Cores                         : YES
Write Timing Constraints           : NO
Cross Clock Analysis               : NO
Hierarchy Separator                : /
Bus Delimiter                      : <>
Case Specifier                     : Maintain
Slice Utilization Ratio            : 100
BRAM Utilization Ratio             : 100
DSP48 Utilization Ratio            : 100
Auto BRAM Packing                  : NO
Slice Utilization Ratio Delta      : 5

---- Other Options
Cores Search Directories           : {"coregen" "ipcore_dir"  }

=========================================================================


=========================================================================
*                          HDL Parsing                                  *
=========================================================================
Parsing VHDL file "C:\Users\gustaf.bengtz\Documents\aes\aes\rtl\byte.vhd" into library work
Parsing package <byte>.
Parsing VHDL file "C:\Users\gustaf.bengtz\Documents\aes\aes\rtl\word_p.vhd" into library work
Parsing package <word>.
Parsing package <packet>.
Parsing VHDL file "C:\Users\gustaf.bengtz\Documents\aes\aes\rtl\key_p.vhd" into library work
Parsing package <key>.
Parsing VHDL file "C:\Users\gustaf.bengtz\Documents\aes\aes\rtl\manager.vhd" into library work
Parsing entity <manager>.
Parsing architecture <behav> of entity <manager>.

=========================================================================
*                            HDL Elaboration                            *
=========================================================================

Elaborating entity <manager> (architecture <behav>) from library <work>.
WARNING:HDLCompiler:871 - "C:\Users\gustaf.bengtz\Documents\aes\aes\rtl\manager.vhd" Line 68: Using initial value '0' for reset since it is never assigned
WARNING:HDLCompiler:89 - "C:\Users\gustaf.bengtz\Documents\aes\aes\rtl\manager.vhd" Line 108: <fifo_generator_v9_3> remains a black-box since it has no binding entity.
WARNING:HDLCompiler:1127 - "C:\Users\gustaf.bengtz\Documents\aes\aes\rtl\manager.vhd" Line 403: Assignment to valid ignored, since the identifier is never used

=========================================================================
*                           HDL Synthesis                               *
=========================================================================

Synthesizing Unit <manager>.
    Related source file is "C:\Users\gustaf.bengtz\Documents\aes\aes\rtl\manager.vhd".
INFO:Xst:3210 - "C:\Users\gustaf.bengtz\Documents\aes\aes\rtl\manager.vhd" line 126: Output port <wr_ack> of the instance <u0> is unconnected or connected to loadless signal.
INFO:Xst:3210 - "C:\Users\gustaf.bengtz\Documents\aes\aes\rtl\manager.vhd" line 126: Output port <valid> of the instance <u0> is unconnected or connected to loadless signal.
INFO:Xst:3210 - "C:\Users\gustaf.bengtz\Documents\aes\aes\rtl\manager.vhd" line 126: Output port <overflow> of the instance <u0> is unconnected or connected to loadless signal.
INFO:Xst:3210 - "C:\Users\gustaf.bengtz\Documents\aes\aes\rtl\manager.vhd" line 126: Output port <underflow> of the instance <u0> is unconnected or connected to loadless signal.
INFO:Xst:3210 - "C:\Users\gustaf.bengtz\Documents\aes\aes\rtl\manager.vhd" line 126: Output port <full> of the instance <u0> is unconnected or connected to loadless signal.
INFO:Xst:3210 - "C:\Users\gustaf.bengtz\Documents\aes\aes\rtl\manager.vhd" line 126: Output port <empty> of the instance <u0> is unconnected or connected to loadless signal.
    Found 16x8-bit dual-port RAM <Mram_clear_bytes> for signal <clear_bytes>.
    Found 32-bit register for signal <skip>.
    Found 1-bit register for signal <tmp_first>.
    Found 1-bit register for signal <pass_next>.
    Found 1-bit register for signal <ok>.
    Found 8-bit register for signal <header<3>>.
    Found 8-bit register for signal <header<2>>.
    Found 8-bit register for signal <header<1>>.
    Found 8-bit register for signal <header<0>>.
    Found 1-bit register for signal <tmp_out_ok>.
    Found 4-bit register for signal <index>.
    Found 1-bit register for signal <pr_payload>.
    Found 1-bit register for signal <adaptation>.
    Found 1-bit register for signal <payload>.
    Found 1-bit register for signal <header_ok>.
    Found 32-bit register for signal <length>.
    Found 32-bit register for signal <length2>.
    Found 4-bit register for signal <times>.
    Found 32-bit register for signal <tmp_bytes_clear>.
    Found 128-bit register for signal <adaptation_field>.
    Found 32-bit register for signal <position>.
    Found 8-bit register for signal <temp_send0<15>>.
    Found 8-bit register for signal <temp_send0<14>>.
    Found 8-bit register for signal <temp_send0<13>>.
    Found 8-bit register for signal <temp_send0<12>>.
    Found 8-bit register for signal <temp_send0<11>>.
    Found 8-bit register for signal <temp_send0<10>>.
    Found 8-bit register for signal <temp_send0<9>>.
    Found 8-bit register for signal <temp_send0<8>>.
    Found 8-bit register for signal <temp_send0<7>>.
    Found 8-bit register for signal <temp_send0<6>>.
    Found 8-bit register for signal <temp_send0<5>>.
    Found 8-bit register for signal <temp_send0<4>>.
    Found 8-bit register for signal <temp_send0<3>>.
    Found 8-bit register for signal <temp_send0<2>>.
    Found 8-bit register for signal <temp_send0<1>>.
    Found 8-bit register for signal <temp_send0<0>>.
    Found 8-bit register for signal <tmp_out<3>>.
    Found 8-bit register for signal <tmp_out<2>>.
    Found 8-bit register for signal <tmp_out<1>>.
    Found 8-bit register for signal <tmp_out<0>>.
    Found 2-bit register for signal <pointer>.
    Found 1-bit register for signal <move_on>.
    Found 1-bit register for signal <packet_ok>.
    Found 128-bit register for signal <temp_send1>.
    Found 1-bit register for signal <last_resort>.
    Found 1-bit register for signal <ok_flag>.
    Found 32-bit register for signal <bytes_clear>.
    Found 1-bit register for signal <l_r2>.
    Found 1-bit register for signal <again>.
    Found 1-bit register for signal <process_start>.
    Found 1-bit register for signal <once>.
    Found 32-bit register for signal <length3>.
    Found 32-bit register for signal <tmp_out2>.
    Found 1-bit register for signal <ready_t>.
    Found 9-bit subtractor for signal <GND_8_o_GND_8_o_sub_15_OUT> created at line 187.
    Found 5-bit adder for signal <n1019> created at line 187.
    Found 32-bit adder for signal <n1027> created at line 221.
    Found 32-bit adder for signal <n1028> created at line 221.
    Found 32-bit adder for signal <n1245> created at line 343.
    Found 32-bit adder for signal <length3[31]_GND_8_o_add_600_OUT> created at line 351.
    Found 8-bit adder for signal <n1501> created at line 361.
    Found 32-bit subtractor for signal <skip[31]_GND_8_o_sub_14_OUT<31:0>> created at line 174.
    Found 32-bit subtractor for signal <length[31]_GND_8_o_sub_20_OUT<31:0>> created at line 217.
    Found 32-bit subtractor for signal <n1526> created at line 0.
    Found 2-bit subtractor for signal <GND_8_o_GND_8_o_sub_194_OUT<1:0>> created at line 227.
    Found 32-bit subtractor for signal <position[31]_GND_8_o_sub_199_OUT<31:0>> created at line 239.
    Found 4-bit subtractor for signal <GND_8_o_GND_8_o_sub_220_OUT<3:0>> created at line 276.
    Found 32-bit subtractor for signal <tmp_bytes_clear[31]_GND_8_o_sub_227_OUT<31:0>> created at line 281.
    Found 32-bit subtractor for signal <bytes_clear[31]_GND_8_o_sub_431_OUT<31:0>> created at line 326.
    Found 4-bit subtractor for signal <GND_8_o_GND_8_o_sub_769_OUT<3:0>> created at line 364.
    Found 32-bit comparator greater for signal <skip[31]_GND_8_o_LessThan_5_o> created at line 165
    Found 32-bit comparator greater for signal <length[31]_GND_8_o_LessThan_19_o> created at line 216
    Found 32-bit comparator lessequal for signal <n0185> created at line 237
    Found 32-bit comparator greater for signal <tmp_bytes_clear[31]_GND_8_o_LessThan_408_o> created at line 298
    Found 32-bit comparator greater for signal <bytes_clear[31]_GND_8_o_LessThan_416_o> created at line 316
    Found 32-bit comparator greater for signal <length2[31]_GND_8_o_LessThan_438_o> created at line 340
    Found 32-bit comparator greater for signal <n0534> created at line 341
    Found 2-bit comparator lessequal for signal <GND_8_o_pointer[1]_LessThan_440_o> created at line 342
    Summary:
	inferred   1 RAM(s).
	inferred  16 Adder/Subtractor(s).
	inferred 731 D-type flip-flop(s).
	inferred   8 Comparator(s).
	inferred 395 Multiplexer(s).
Unit <manager> synthesized.

=========================================================================
HDL Synthesis Report

Macro Statistics
# RAMs                                                 : 1
 16x8-bit dual-port RAM                                : 1
# Adders/Subtractors                                   : 16
 2-bit subtractor                                      : 1
 32-bit adder                                          : 4
 32-bit subtractor                                     : 6
 4-bit subtractor                                      : 2
 5-bit adder                                           : 1
 8-bit adder                                           : 1
 9-bit subtractor                                      : 1
# Registers                                            : 51
 1-bit register                                        : 17
 128-bit register                                      : 2
 2-bit register                                        : 1
 32-bit register                                       : 9
 4-bit register                                        : 2
 8-bit register                                        : 20
# Comparators                                          : 8
 2-bit comparator lessequal                            : 1
 32-bit comparator greater                             : 6
 32-bit comparator lessequal                           : 1
# Multiplexers                                         : 395
 1-bit 2-to-1 multiplexer                              : 181
 128-bit 2-to-1 multiplexer                            : 1
 2-bit 2-to-1 multiplexer                              : 1
 32-bit 2-to-1 multiplexer                             : 13
 4-bit 2-to-1 multiplexer                              : 1
 8-bit 2-to-1 multiplexer                              : 198

=========================================================================

=========================================================================
*                       Advanced HDL Synthesis                          *
=========================================================================

Reading core <fifo_generator_v9_3.ngc>.
Loading core <fifo_generator_v9_3> for timing and area information for instance <u0>.
WARNING:Xst:1293 - FF/Latch <length2_31> has a constant value of 0 in block <manager>. This FF/Latch will be trimmed during the optimization process.
WARNING:Xst:1896 - Due to other FF/Latch trimming, FF/Latch <length2_30> has a constant value of 0 in block <manager>. This FF/Latch will be trimmed during the optimization process.
WARNING:Xst:1896 - Due to other FF/Latch trimming, FF/Latch <length2_29> has a constant value of 0 in block <manager>. This FF/Latch will be trimmed during the optimization process.
WARNING:Xst:1896 - Due to other FF/Latch trimming, FF/Latch <length2_28> has a constant value of 0 in block <manager>. This FF/Latch will be trimmed during the optimization process.
WARNING:Xst:1896 - Due to other FF/Latch trimming, FF/Latch <length2_27> has a constant value of 0 in block <manager>. This FF/Latch will be trimmed during the optimization process.
WARNING:Xst:1896 - Due to other FF/Latch trimming, FF/Latch <length2_26> has a constant value of 0 in block <manager>. This FF/Latch will be trimmed during the optimization process.
WARNING:Xst:1896 - Due to other FF/Latch trimming, FF/Latch <length2_25> has a constant value of 0 in block <manager>. This FF/Latch will be trimmed during the optimization process.
WARNING:Xst:1896 - Due to other FF/Latch trimming, FF/Latch <length2_24> has a constant value of 0 in block <manager>. This FF/Latch will be trimmed during the optimization process.
WARNING:Xst:1896 - Due to other FF/Latch trimming, FF/Latch <length2_23> has a constant value of 0 in block <manager>. This FF/Latch will be trimmed during the optimization process.
WARNING:Xst:1896 - Due to other FF/Latch trimming, FF/Latch <length2_22> has a constant value of 0 in block <manager>. This FF/Latch will be trimmed during the optimization process.
WARNING:Xst:1896 - Due to other FF/Latch trimming, FF/Latch <length2_21> has a constant value of 0 in block <manager>. This FF/Latch will be trimmed during the optimization process.
WARNING:Xst:1896 - Due to other FF/Latch trimming, FF/Latch <length2_20> has a constant value of 0 in block <manager>. This FF/Latch will be trimmed during the optimization process.
WARNING:Xst:1896 - Due to other FF/Latch trimming, FF/Latch <length2_19> has a constant value of 0 in block <manager>. This FF/Latch will be trimmed during the optimization process.
WARNING:Xst:1896 - Due to other FF/Latch trimming, FF/Latch <length2_18> has a constant value of 0 in block <manager>. This FF/Latch will be trimmed during the optimization process.
WARNING:Xst:1896 - Due to other FF/Latch trimming, FF/Latch <length2_17> has a constant value of 0 in block <manager>. This FF/Latch will be trimmed during the optimization process.
WARNING:Xst:1896 - Due to other FF/Latch trimming, FF/Latch <length2_16> has a constant value of 0 in block <manager>. This FF/Latch will be trimmed during the optimization process.
WARNING:Xst:1896 - Due to other FF/Latch trimming, FF/Latch <length2_15> has a constant value of 0 in block <manager>. This FF/Latch will be trimmed during the optimization process.
WARNING:Xst:1896 - Due to other FF/Latch trimming, FF/Latch <length2_14> has a constant value of 0 in block <manager>. This FF/Latch will be trimmed during the optimization process.
WARNING:Xst:1896 - Due to other FF/Latch trimming, FF/Latch <length2_13> has a constant value of 0 in block <manager>. This FF/Latch will be trimmed during the optimization process.
WARNING:Xst:1896 - Due to other FF/Latch trimming, FF/Latch <length2_12> has a constant value of 0 in block <manager>. This FF/Latch will be trimmed during the optimization process.
WARNING:Xst:1896 - Due to other FF/Latch trimming, FF/Latch <length2_11> has a constant value of 0 in block <manager>. This FF/Latch will be trimmed during the optimization process.
WARNING:Xst:1896 - Due to other FF/Latch trimming, FF/Latch <length2_10> has a constant value of 0 in block <manager>. This FF/Latch will be trimmed during the optimization process.
WARNING:Xst:1896 - Due to other FF/Latch trimming, FF/Latch <length2_9> has a constant value of 0 in block <manager>. This FF/Latch will be trimmed during the optimization process.
WARNING:Xst:1896 - Due to other FF/Latch trimming, FF/Latch <length2_8> has a constant value of 0 in block <manager>. This FF/Latch will be trimmed during the optimization process.

Synthesizing (advanced) Unit <manager>.
The following registers are absorbed into counter <length>: 1 register on signal <length>.
The following registers are absorbed into counter <pointer>: 1 register on signal <pointer>.
The following registers are absorbed into counter <bytes_clear>: 1 register on signal <bytes_clear>.
The following registers are absorbed into counter <length3>: 1 register on signal <length3>.
The following registers are absorbed into counter <index>: 1 register on signal <index>.
The following registers are absorbed into counter <skip>: 1 register on signal <skip>.
The following registers are absorbed into counter <times>: 1 register on signal <times>.
INFO:Xst:3231 - The small RAM <Mram_clear_bytes> will be implemented on LUTs in order to maximize performance and save block RAM resources. If you want to force its implementation on block, use option/constraint ram_style.
    -----------------------------------------------------------------------
    | ram_type           | Distributed                         |          |
    -----------------------------------------------------------------------
    | Port A                                                              |
    |     aspect ratio   | 16-word x 8-bit                     |          |
    |     clkA           | connected to signal <clk>           | rise     |
    |     weA            | connected to internal node          | high     |
    |     addrA          | connected to signal <tmp_bytes_clear<3:0>> |          |
    |     diA            | connected to signal <_n1550>        |          |
    -----------------------------------------------------------------------
    | Port B                                                              |
    |     aspect ratio   | 16-word x 8-bit                     |          |
    |     addrB          | connected to signal <bytes_clear<3:0>> |          |
    |     doB            | connected to internal node          |          |
    -----------------------------------------------------------------------
Unit <manager> synthesized (advanced).

=========================================================================
Advanced HDL Synthesis Report

Macro Statistics
# RAMs                                                 : 1
 16x8-bit dual-port distributed RAM                    : 1
# Adders/Subtractors                                   : 10
 32-bit subtractor                                     : 3
 4-bit adder                                           : 1
 5-bit adder                                           : 1
 5-bit subtractor                                      : 1
 8-bit adder                                           : 3
 9-bit subtractor                                      : 1
# Counters                                             : 7
 2-bit down counter                                    : 1
 32-bit down counter                                   : 3
 32-bit up counter                                     : 1
 4-bit down counter                                    : 2
# Registers                                            : 593
 Flip-Flops                                            : 593
# Comparators                                          : 8
 2-bit comparator lessequal                            : 1
 32-bit comparator greater                             : 6
 32-bit comparator lessequal                           : 1
# Multiplexers                                         : 391
 1-bit 2-to-1 multiplexer                              : 181
 128-bit 2-to-1 multiplexer                            : 1
 32-bit 2-to-1 multiplexer                             : 11
 8-bit 2-to-1 multiplexer                              : 198

=========================================================================

=========================================================================
*                         Low Level Synthesis                           *
=========================================================================
WARNING:Xst:1293 - FF/Latch <length2_31> has a constant value of 0 in block <manager>. This FF/Latch will be trimmed during the optimization process.
WARNING:Xst:1896 - Due to other FF/Latch trimming, FF/Latch <length2_30> has a constant value of 0 in block <manager>. This FF/Latch will be trimmed during the optimization process.
WARNING:Xst:1896 - Due to other FF/Latch trimming, FF/Latch <length2_29> has a constant value of 0 in block <manager>. This FF/Latch will be trimmed during the optimization process.
WARNING:Xst:1896 - Due to other FF/Latch trimming, FF/Latch <length2_28> has a constant value of 0 in block <manager>. This FF/Latch will be trimmed during the optimization process.
WARNING:Xst:1896 - Due to other FF/Latch trimming, FF/Latch <length2_27> has a constant value of 0 in block <manager>. This FF/Latch will be trimmed during the optimization process.
WARNING:Xst:1896 - Due to other FF/Latch trimming, FF/Latch <length2_26> has a constant value of 0 in block <manager>. This FF/Latch will be trimmed during the optimization process.
WARNING:Xst:1896 - Due to other FF/Latch trimming, FF/Latch <length2_25> has a constant value of 0 in block <manager>. This FF/Latch will be trimmed during the optimization process.
WARNING:Xst:1896 - Due to other FF/Latch trimming, FF/Latch <length2_24> has a constant value of 0 in block <manager>. This FF/Latch will be trimmed during the optimization process.
WARNING:Xst:1896 - Due to other FF/Latch trimming, FF/Latch <length2_23> has a constant value of 0 in block <manager>. This FF/Latch will be trimmed during the optimization process.
WARNING:Xst:1896 - Due to other FF/Latch trimming, FF/Latch <length2_22> has a constant value of 0 in block <manager>. This FF/Latch will be trimmed during the optimization process.
WARNING:Xst:1896 - Due to other FF/Latch trimming, FF/Latch <length2_21> has a constant value of 0 in block <manager>. This FF/Latch will be trimmed during the optimization process.
WARNING:Xst:1896 - Due to other FF/Latch trimming, FF/Latch <length2_20> has a constant value of 0 in block <manager>. This FF/Latch will be trimmed during the optimization process.
WARNING:Xst:1896 - Due to other FF/Latch trimming, FF/Latch <length2_19> has a constant value of 0 in block <manager>. This FF/Latch will be trimmed during the optimization process.
WARNING:Xst:1896 - Due to other FF/Latch trimming, FF/Latch <length2_18> has a constant value of 0 in block <manager>. This FF/Latch will be trimmed during the optimization process.
WARNING:Xst:1896 - Due to other FF/Latch trimming, FF/Latch <length2_17> has a constant value of 0 in block <manager>. This FF/Latch will be trimmed during the optimization process.
WARNING:Xst:1896 - Due to other FF/Latch trimming, FF/Latch <length2_16> has a constant value of 0 in block <manager>. This FF/Latch will be trimmed during the optimization process.
WARNING:Xst:1896 - Due to other FF/Latch trimming, FF/Latch <length2_15> has a constant value of 0 in block <manager>. This FF/Latch will be trimmed during the optimization process.
WARNING:Xst:1896 - Due to other FF/Latch trimming, FF/Latch <length2_14> has a constant value of 0 in block <manager>. This FF/Latch will be trimmed during the optimization process.
WARNING:Xst:1896 - Due to other FF/Latch trimming, FF/Latch <length2_13> has a constant value of 0 in block <manager>. This FF/Latch will be trimmed during the optimization process.
WARNING:Xst:1896 - Due to other FF/Latch trimming, FF/Latch <length2_12> has a constant value of 0 in block <manager>. This FF/Latch will be trimmed during the optimization process.
WARNING:Xst:1896 - Due to other FF/Latch trimming, FF/Latch <length2_11> has a constant value of 0 in block <manager>. This FF/Latch will be trimmed during the optimization process.
WARNING:Xst:1896 - Due to other FF/Latch trimming, FF/Latch <length2_10> has a constant value of 0 in block <manager>. This FF/Latch will be trimmed during the optimization process.
WARNING:Xst:1896 - Due to other FF/Latch trimming, FF/Latch <length2_9> has a constant value of 0 in block <manager>. This FF/Latch will be trimmed during the optimization process.
WARNING:Xst:1896 - Due to other FF/Latch trimming, FF/Latch <length2_8> has a constant value of 0 in block <manager>. This FF/Latch will be trimmed during the optimization process.

Optimizing unit <manager> ...
WARNING:Xst:1293 - FF/Latch <skip_27> has a constant value of 0 in block <manager>. This FF/Latch will be trimmed during the optimization process.
WARNING:Xst:1896 - Due to other FF/Latch trimming, FF/Latch <skip_28> has a constant value of 0 in block <manager>. This FF/Latch will be trimmed during the optimization process.
WARNING:Xst:1896 - Due to other FF/Latch trimming, FF/Latch <skip_30> has a constant value of 0 in block <manager>. This FF/Latch will be trimmed during the optimization process.
WARNING:Xst:1896 - Due to other FF/Latch trimming, FF/Latch <skip_31> has a constant value of 0 in block <manager>. This FF/Latch will be trimmed during the optimization process.
WARNING:Xst:1896 - Due to other FF/Latch trimming, FF/Latch <length_8> has a constant value of 0 in block <manager>. This FF/Latch will be trimmed during the optimization process.
WARNING:Xst:1896 - Due to other FF/Latch trimming, FF/Latch <length_9> has a constant value of 0 in block <manager>. This FF/Latch will be trimmed during the optimization process.
WARNING:Xst:1896 - Due to other FF/Latch trimming, FF/Latch <length_10> has a constant value of 0 in block <manager>. This FF/Latch will be trimmed during the optimization process.
WARNING:Xst:1896 - Due to other FF/Latch trimming, FF/Latch <length_11> has a constant value of 0 in block <manager>. This FF/Latch will be trimmed during the optimization process.
WARNING:Xst:1896 - Due to other FF/Latch trimming, FF/Latch <length_12> has a constant value of 0 in block <manager>. This FF/Latch will be trimmed during the optimization process.
WARNING:Xst:1896 - Due to other FF/Latch trimming, FF/Latch <length_13> has a constant value of 0 in block <manager>. This FF/Latch will be trimmed during the optimization process.
WARNING:Xst:1896 - Due to other FF/Latch trimming, FF/Latch <length_14> has a constant value of 0 in block <manager>. This FF/Latch will be trimmed during the optimization process.
WARNING:Xst:1896 - Due to other FF/Latch trimming, FF/Latch <length_15> has a constant value of 0 in block <manager>. This FF/Latch will be trimmed during the optimization process.
WARNING:Xst:1896 - Due to other FF/Latch trimming, FF/Latch <length_16> has a constant value of 0 in block <manager>. This FF/Latch will be trimmed during the optimization process.
WARNING:Xst:1896 - Due to other FF/Latch trimming, FF/Latch <length_17> has a constant value of 0 in block <manager>. This FF/Latch will be trimmed during the optimization process.
WARNING:Xst:1896 - Due to other FF/Latch trimming, FF/Latch <length_18> has a constant value of 0 in block <manager>. This FF/Latch will be trimmed during the optimization process.
WARNING:Xst:1896 - Due to other FF/Latch trimming, FF/Latch <length_19> has a constant value of 0 in block <manager>. This FF/Latch will be trimmed during the optimization process.
WARNING:Xst:1896 - Due to other FF/Latch trimming, FF/Latch <length_20> has a constant value of 0 in block <manager>. This FF/Latch will be trimmed during the optimization process.
WARNING:Xst:1896 - Due to other FF/Latch trimming, FF/Latch <skip_11> has a constant value of 0 in block <manager>. This FF/Latch will be trimmed during the optimization process.
WARNING:Xst:1896 - Due to other FF/Latch trimming, FF/Latch <skip_12> has a constant value of 0 in block <manager>. This FF/Latch will be trimmed during the optimization process.
WARNING:Xst:1896 - Due to other FF/Latch trimming, FF/Latch <skip_15> has a constant value of 0 in block <manager>. This FF/Latch will be trimmed during the optimization process.
WARNING:Xst:1896 - Due to other FF/Latch trimming, FF/Latch <skip_13> has a constant value of 0 in block <manager>. This FF/Latch will be trimmed during the optimization process.
WARNING:Xst:1896 - Due to other FF/Latch trimming, FF/Latch <skip_14> has a constant value of 0 in block <manager>. This FF/Latch will be trimmed during the optimization process.
WARNING:Xst:1896 - Due to other FF/Latch trimming, FF/Latch <skip_16> has a constant value of 0 in block <manager>. This FF/Latch will be trimmed during the optimization process.
WARNING:Xst:1896 - Due to other FF/Latch trimming, FF/Latch <skip_17> has a constant value of 0 in block <manager>. This FF/Latch will be trimmed during the optimization process.
WARNING:Xst:1896 - Due to other FF/Latch trimming, FF/Latch <skip_18> has a constant value of 0 in block <manager>. This FF/Latch will be trimmed during the optimization process.
WARNING:Xst:1896 - Due to other FF/Latch trimming, FF/Latch <skip_19> has a constant value of 0 in block <manager>. This FF/Latch will be trimmed during the optimization process.
WARNING:Xst:1896 - Due to other FF/Latch trimming, FF/Latch <skip_22> has a constant value of 0 in block <manager>. This FF/Latch will be trimmed during the optimization process.
WARNING:Xst:1896 - Due to other FF/Latch trimming, FF/Latch <skip_20> has a constant value of 0 in block <manager>. This FF/Latch will be trimmed during the optimization process.
WARNING:Xst:1896 - Due to other FF/Latch trimming, FF/Latch <skip_21> has a constant value of 0 in block <manager>. This FF/Latch will be trimmed during the optimization process.
WARNING:Xst:1896 - Due to other FF/Latch trimming, FF/Latch <skip_23> has a constant value of 0 in block <manager>. This FF/Latch will be trimmed during the optimization process.
WARNING:Xst:1896 - Due to other FF/Latch trimming, FF/Latch <skip_24> has a constant value of 0 in block <manager>. This FF/Latch will be trimmed during the optimization process.
WARNING:Xst:1896 - Due to other FF/Latch trimming, FF/Latch <skip_25> has a constant value of 0 in block <manager>. This FF/Latch will be trimmed during the optimization process.
WARNING:Xst:1896 - Due to other FF/Latch trimming, FF/Latch <skip_26> has a constant value of 0 in block <manager>. This FF/Latch will be trimmed during the optimization process.
WARNING:Xst:1896 - Due to other FF/Latch trimming, FF/Latch <skip_29> has a constant value of 0 in block <manager>. This FF/Latch will be trimmed during the optimization process.
WARNING:Xst:1896 - Due to other FF/Latch trimming, FF/Latch <length3_15> has a constant value of 0 in block <manager>. This FF/Latch will be trimmed during the optimization process.
WARNING:Xst:1896 - Due to other FF/Latch trimming, FF/Latch <length3_16> has a constant value of 0 in block <manager>. This FF/Latch will be trimmed during the optimization process.
WARNING:Xst:1896 - Due to other FF/Latch trimming, FF/Latch <length3_17> has a constant value of 0 in block <manager>. This FF/Latch will be trimmed during the optimization process.
WARNING:Xst:1896 - Due to other FF/Latch trimming, FF/Latch <length3_18> has a constant value of 0 in block <manager>. This FF/Latch will be trimmed during the optimization process.
WARNING:Xst:1896 - Due to other FF/Latch trimming, FF/Latch <length3_19> has a constant value of 0 in block <manager>. This FF/Latch will be trimmed during the optimization process.
WARNING:Xst:1896 - Due to other FF/Latch trimming, FF/Latch <length3_20> has a constant value of 0 in block <manager>. This FF/Latch will be trimmed during the optimization process.
WARNING:Xst:1896 - Due to other FF/Latch trimming, FF/Latch <length3_21> has a constant value of 0 in block <manager>. This FF/Latch will be trimmed during the optimization process.
WARNING:Xst:1896 - Due to other FF/Latch trimming, FF/Latch <length3_22> has a constant value of 0 in block <manager>. This FF/Latch will be trimmed during the optimization process.
WARNING:Xst:1896 - Due to other FF/Latch trimming, FF/Latch <length3_23> has a constant value of 0 in block <manager>. This FF/Latch will be trimmed during the optimization process.
WARNING:Xst:1896 - Due to other FF/Latch trimming, FF/Latch <length3_24> has a constant value of 0 in block <manager>. This FF/Latch will be trimmed during the optimization process.
WARNING:Xst:1896 - Due to other FF/Latch trimming, FF/Latch <length3_25> has a constant value of 0 in block <manager>. This FF/Latch will be trimmed during the optimization process.
WARNING:Xst:1896 - Due to other FF/Latch trimming, FF/Latch <length3_26> has a constant value of 0 in block <manager>. This FF/Latch will be trimmed during the optimization process.
WARNING:Xst:1896 - Due to other FF/Latch trimming, FF/Latch <length3_27> has a constant value of 0 in block <manager>. This FF/Latch will be trimmed during the optimization process.
WARNING:Xst:1896 - Due to other FF/Latch trimming, FF/Latch <length3_28> has a constant value of 0 in block <manager>. This FF/Latch will be trimmed during the optimization process.
WARNING:Xst:1896 - Due to other FF/Latch trimming, FF/Latch <length3_29> has a constant value of 0 in block <manager>. This FF/Latch will be trimmed during the optimization process.
WARNING:Xst:1896 - Due to other FF/Latch trimming, FF/Latch <length3_30> has a constant value of 0 in block <manager>. This FF/Latch will be trimmed during the optimization process.
WARNING:Xst:1896 - Due to other FF/Latch trimming, FF/Latch <length3_31> has a constant value of 0 in block <manager>. This FF/Latch will be trimmed during the optimization process.
WARNING:Xst:1896 - Due to other FF/Latch trimming, FF/Latch <length_21> has a constant value of 0 in block <manager>. This FF/Latch will be trimmed during the optimization process.
WARNING:Xst:1896 - Due to other FF/Latch trimming, FF/Latch <length_22> has a constant value of 0 in block <manager>. This FF/Latch will be trimmed during the optimization process.
WARNING:Xst:1896 - Due to other FF/Latch trimming, FF/Latch <length_23> has a constant value of 0 in block <manager>. This FF/Latch will be trimmed during the optimization process.
WARNING:Xst:1896 - Due to other FF/Latch trimming, FF/Latch <length_24> has a constant value of 0 in block <manager>. This FF/Latch will be trimmed during the optimization process.
WARNING:Xst:1896 - Due to other FF/Latch trimming, FF/Latch <length_25> has a constant value of 0 in block <manager>. This FF/Latch will be trimmed during the optimization process.
WARNING:Xst:1896 - Due to other FF/Latch trimming, FF/Latch <length_26> has a constant value of 0 in block <manager>. This FF/Latch will be trimmed during the optimization process.
WARNING:Xst:1896 - Due to other FF/Latch trimming, FF/Latch <length_27> has a constant value of 0 in block <manager>. This FF/Latch will be trimmed during the optimization process.
WARNING:Xst:1896 - Due to other FF/Latch trimming, FF/Latch <length_28> has a constant value of 0 in block <manager>. This FF/Latch will be trimmed during the optimization process.
WARNING:Xst:1896 - Due to other FF/Latch trimming, FF/Latch <length_29> has a constant value of 0 in block <manager>. This FF/Latch will be trimmed during the optimization process.
WARNING:Xst:1896 - Due to other FF/Latch trimming, FF/Latch <length_30> has a constant value of 0 in block <manager>. This FF/Latch will be trimmed during the optimization process.
WARNING:Xst:1896 - Due to other FF/Latch trimming, FF/Latch <length_31> has a constant value of 0 in block <manager>. This FF/Latch will be trimmed during the optimization process.
WARNING:Xst:1896 - Due to other FF/Latch trimming, FF/Latch <length3_9> has a constant value of 0 in block <manager>. This FF/Latch will be trimmed during the optimization process.
WARNING:Xst:1896 - Due to other FF/Latch trimming, FF/Latch <length3_10> has a constant value of 0 in block <manager>. This FF/Latch will be trimmed during the optimization process.
WARNING:Xst:1896 - Due to other FF/Latch trimming, FF/Latch <length3_11> has a constant value of 0 in block <manager>. This FF/Latch will be trimmed during the optimization process.
WARNING:Xst:1896 - Due to other FF/Latch trimming, FF/Latch <length3_12> has a constant value of 0 in block <manager>. This FF/Latch will be trimmed during the optimization process.
WARNING:Xst:1896 - Due to other FF/Latch trimming, FF/Latch <length3_13> has a constant value of 0 in block <manager>. This FF/Latch will be trimmed during the optimization process.
WARNING:Xst:1896 - Due to other FF/Latch trimming, FF/Latch <length3_14> has a constant value of 0 in block <manager>. This FF/Latch will be trimmed during the optimization process.
WARNING:Xst:1896 - Due to other FF/Latch trimming, FF/Latch <tmp_bytes_clear_17> has a constant value of 0 in block <manager>. This FF/Latch will be trimmed during the optimization process.
WARNING:Xst:1896 - Due to other FF/Latch trimming, FF/Latch <tmp_bytes_clear_18> has a constant value of 0 in block <manager>. This FF/Latch will be trimmed during the optimization process.
WARNING:Xst:1896 - Due to other FF/Latch trimming, FF/Latch <tmp_bytes_clear_19> has a constant value of 0 in block <manager>. This FF/Latch will be trimmed during the optimization process.
WARNING:Xst:1896 - Due to other FF/Latch trimming, FF/Latch <tmp_bytes_clear_20> has a constant value of 0 in block <manager>. This FF/Latch will be trimmed during the optimization process.
WARNING:Xst:1896 - Due to other FF/Latch trimming, FF/Latch <tmp_bytes_clear_21> has a constant value of 0 in block <manager>. This FF/Latch will be trimmed during the optimization process.
WARNING:Xst:1896 - Due to other FF/Latch trimming, FF/Latch <tmp_bytes_clear_22> has a constant value of 0 in block <manager>. This FF/Latch will be trimmed during the optimization process.
WARNING:Xst:1896 - Due to other FF/Latch trimming, FF/Latch <tmp_bytes_clear_23> has a constant value of 0 in block <manager>. This FF/Latch will be trimmed during the optimization process.
WARNING:Xst:1896 - Due to other FF/Latch trimming, FF/Latch <tmp_bytes_clear_24> has a constant value of 0 in block <manager>. This FF/Latch will be trimmed during the optimization process.
WARNING:Xst:1896 - Due to other FF/Latch trimming, FF/Latch <tmp_bytes_clear_25> has a constant value of 0 in block <manager>. This FF/Latch will be trimmed during the optimization process.
WARNING:Xst:1896 - Due to other FF/Latch trimming, FF/Latch <tmp_bytes_clear_26> has a constant value of 0 in block <manager>. This FF/Latch will be trimmed during the optimization process.
WARNING:Xst:1896 - Due to other FF/Latch trimming, FF/Latch <tmp_bytes_clear_27> has a constant value of 0 in block <manager>. This FF/Latch will be trimmed during the optimization process.
WARNING:Xst:1896 - Due to other FF/Latch trimming, FF/Latch <tmp_bytes_clear_28> has a constant value of 0 in block <manager>. This FF/Latch will be trimmed during the optimization process.
WARNING:Xst:1896 - Due to other FF/Latch trimming, FF/Latch <tmp_bytes_clear_29> has a constant value of 0 in block <manager>. This FF/Latch will be trimmed during the optimization process.
WARNING:Xst:1896 - Due to other FF/Latch trimming, FF/Latch <tmp_bytes_clear_30> has a constant value of 0 in block <manager>. This FF/Latch will be trimmed during the optimization process.
WARNING:Xst:1896 - Due to other FF/Latch trimming, FF/Latch <tmp_bytes_clear_31> has a constant value of 0 in block <manager>. This FF/Latch will be trimmed during the optimization process.
WARNING:Xst:1896 - Due to other FF/Latch trimming, FF/Latch <bytes_clear_4> has a constant value of 0 in block <manager>. This FF/Latch will be trimmed during the optimization process.
WARNING:Xst:1896 - Due to other FF/Latch trimming, FF/Latch <bytes_clear_5> has a constant value of 0 in block <manager>. This FF/Latch will be trimmed during the optimization process.
WARNING:Xst:1896 - Due to other FF/Latch trimming, FF/Latch <header_3_3> has a constant value of 0 in block <manager>. This FF/Latch will be trimmed during the optimization process.
WARNING:Xst:1896 - Due to other FF/Latch trimming, FF/Latch <header_3_4> has a constant value of 0 in block <manager>. This FF/Latch will be trimmed during the optimization process.
WARNING:Xst:1896 - Due to other FF/Latch trimming, FF/Latch <header_3_5> has a constant value of 0 in block <manager>. This FF/Latch will be trimmed during the optimization process.
WARNING:Xst:1896 - Due to other FF/Latch trimming, FF/Latch <header_3_7> has a constant value of 0 in block <manager>. This FF/Latch will be trimmed during the optimization process.
WARNING:Xst:1896 - Due to other FF/Latch trimming, FF/Latch <tmp_bytes_clear_4> has a constant value of 0 in block <manager>. This FF/Latch will be trimmed during the optimization process.
WARNING:Xst:1896 - Due to other FF/Latch trimming, FF/Latch <tmp_bytes_clear_5> has a constant value of 0 in block <manager>. This FF/Latch will be trimmed during the optimization process.
WARNING:Xst:1896 - Due to other FF/Latch trimming, FF/Latch <tmp_bytes_clear_6> has a constant value of 0 in block <manager>. This FF/Latch will be trimmed during the optimization process.
WARNING:Xst:1896 - Due to other FF/Latch trimming, FF/Latch <tmp_bytes_clear_7> has a constant value of 0 in block <manager>. This FF/Latch will be trimmed during the optimization process.
WARNING:Xst:1896 - Due to other FF/Latch trimming, FF/Latch <tmp_bytes_clear_8> has a constant value of 0 in block <manager>. This FF/Latch will be trimmed during the optimization process.
WARNING:Xst:1896 - Due to other FF/Latch trimming, FF/Latch <tmp_bytes_clear_9> has a constant value of 0 in block <manager>. This FF/Latch will be trimmed during the optimization process.
WARNING:Xst:1896 - Due to other FF/Latch trimming, FF/Latch <tmp_bytes_clear_10> has a constant value of 0 in block <manager>. This FF/Latch will be trimmed during the optimization process.
WARNING:Xst:1896 - Due to other FF/Latch trimming, FF/Latch <tmp_bytes_clear_11> has a constant value of 0 in block <manager>. This FF/Latch will be trimmed during the optimization process.
WARNING:Xst:1896 - Due to other FF/Latch trimming, FF/Latch <tmp_bytes_clear_12> has a constant value of 0 in block <manager>. This FF/Latch will be trimmed during the optimization process.
WARNING:Xst:1896 - Due to other FF/Latch trimming, FF/Latch <tmp_bytes_clear_13> has a constant value of 0 in block <manager>. This FF/Latch will be trimmed during the optimization process.
WARNING:Xst:1896 - Due to other FF/Latch trimming, FF/Latch <tmp_bytes_clear_14> has a constant value of 0 in block <manager>. This FF/Latch will be trimmed during the optimization process.
WARNING:Xst:1896 - Due to other FF/Latch trimming, FF/Latch <tmp_bytes_clear_15> has a constant value of 0 in block <manager>. This FF/Latch will be trimmed during the optimization process.
WARNING:Xst:1896 - Due to other FF/Latch trimming, FF/Latch <tmp_bytes_clear_16> has a constant value of 0 in block <manager>. This FF/Latch will be trimmed during the optimization process.
WARNING:Xst:1896 - Due to other FF/Latch trimming, FF/Latch <bytes_clear_24> has a constant value of 0 in block <manager>. This FF/Latch will be trimmed during the optimization process.
WARNING:Xst:1896 - Due to other FF/Latch trimming, FF/Latch <bytes_clear_25> has a constant value of 0 in block <manager>. This FF/Latch will be trimmed during the optimization process.
WARNING:Xst:1896 - Due to other FF/Latch trimming, FF/Latch <bytes_clear_26> has a constant value of 0 in block <manager>. This FF/Latch will be trimmed during the optimization process.
WARNING:Xst:1896 - Due to other FF/Latch trimming, FF/Latch <bytes_clear_27> has a constant value of 0 in block <manager>. This FF/Latch will be trimmed during the optimization process.
WARNING:Xst:1896 - Due to other FF/Latch trimming, FF/Latch <bytes_clear_28> has a constant value of 0 in block <manager>. This FF/Latch will be trimmed during the optimization process.
WARNING:Xst:1896 - Due to other FF/Latch trimming, FF/Latch <bytes_clear_29> has a constant value of 0 in block <manager>. This FF/Latch will be trimmed during the optimization process.
WARNING:Xst:1896 - Due to other FF/Latch trimming, FF/Latch <bytes_clear_30> has a constant value of 0 in block <manager>. This FF/Latch will be trimmed during the optimization process.
WARNING:Xst:1896 - Due to other FF/Latch trimming, FF/Latch <bytes_clear_31> has a constant value of 0 in block <manager>. This FF/Latch will be trimmed during the optimization process.
WARNING:Xst:1896 - Due to other FF/Latch trimming, FF/Latch <skip_2> has a constant value of 0 in block <manager>. This FF/Latch will be trimmed during the optimization process.
WARNING:Xst:1896 - Due to other FF/Latch trimming, FF/Latch <skip_3> has a constant value of 0 in block <manager>. This FF/Latch will be trimmed during the optimization process.
WARNING:Xst:1896 - Due to other FF/Latch trimming, FF/Latch <skip_4> has a constant value of 0 in block <manager>. This FF/Latch will be trimmed during the optimization process.
WARNING:Xst:1896 - Due to other FF/Latch trimming, FF/Latch <skip_5> has a constant value of 0 in block <manager>. This FF/Latch will be trimmed during the optimization process.
WARNING:Xst:1896 - Due to other FF/Latch trimming, FF/Latch <skip_8> has a constant value of 0 in block <manager>. This FF/Latch will be trimmed during the optimization process.
WARNING:Xst:1896 - Due to other FF/Latch trimming, FF/Latch <skip_6> has a constant value of 0 in block <manager>. This FF/Latch will be trimmed during the optimization process.
WARNING:Xst:1896 - Due to other FF/Latch trimming, FF/Latch <skip_7> has a constant value of 0 in block <manager>. This FF/Latch will be trimmed during the optimization process.
WARNING:Xst:1896 - Due to other FF/Latch trimming, FF/Latch <skip_9> has a constant value of 0 in block <manager>. This FF/Latch will be trimmed during the optimization process.
WARNING:Xst:1896 - Due to other FF/Latch trimming, FF/Latch <skip_10> has a constant value of 0 in block <manager>. This FF/Latch will be trimmed during the optimization process.
WARNING:Xst:1896 - Due to other FF/Latch trimming, FF/Latch <bytes_clear_6> has a constant value of 0 in block <manager>. This FF/Latch will be trimmed during the optimization process.
WARNING:Xst:1896 - Due to other FF/Latch trimming, FF/Latch <bytes_clear_7> has a constant value of 0 in block <manager>. This FF/Latch will be trimmed during the optimization process.
WARNING:Xst:1896 - Due to other FF/Latch trimming, FF/Latch <bytes_clear_8> has a constant value of 0 in block <manager>. This FF/Latch will be trimmed during the optimization process.
WARNING:Xst:1896 - Due to other FF/Latch trimming, FF/Latch <bytes_clear_9> has a constant value of 0 in block <manager>. This FF/Latch will be trimmed during the optimization process.
WARNING:Xst:1896 - Due to other FF/Latch trimming, FF/Latch <bytes_clear_10> has a constant value of 0 in block <manager>. This FF/Latch will be trimmed during the optimization process.
WARNING:Xst:1896 - Due to other FF/Latch trimming, FF/Latch <bytes_clear_11> has a constant value of 0 in block <manager>. This FF/Latch will be trimmed during the optimization process.
WARNING:Xst:1896 - Due to other FF/Latch trimming, FF/Latch <bytes_clear_12> has a constant value of 0 in block <manager>. This FF/Latch will be trimmed during the optimization process.
WARNING:Xst:1896 - Due to other FF/Latch trimming, FF/Latch <bytes_clear_13> has a constant value of 0 in block <manager>. This FF/Latch will be trimmed during the optimization process.
WARNING:Xst:1896 - Due to other FF/Latch trimming, FF/Latch <bytes_clear_14> has a constant value of 0 in block <manager>. This FF/Latch will be trimmed during the optimization process.
WARNING:Xst:1896 - Due to other FF/Latch trimming, FF/Latch <bytes_clear_15> has a constant value of 0 in block <manager>. This FF/Latch will be trimmed during the optimization process.
WARNING:Xst:1896 - Due to other FF/Latch trimming, FF/Latch <bytes_clear_16> has a constant value of 0 in block <manager>. This FF/Latch will be trimmed during the optimization process.
WARNING:Xst:1896 - Due to other FF/Latch trimming, FF/Latch <bytes_clear_17> has a constant value of 0 in block <manager>. This FF/Latch will be trimmed during the optimization process.
WARNING:Xst:1896 - Due to other FF/Latch trimming, FF/Latch <bytes_clear_18> has a constant value of 0 in block <manager>. This FF/Latch will be trimmed during the optimization process.
WARNING:Xst:1896 - Due to other FF/Latch trimming, FF/Latch <bytes_clear_19> has a constant value of 0 in block <manager>. This FF/Latch will be trimmed during the optimization process.
WARNING:Xst:1896 - Due to other FF/Latch trimming, FF/Latch <bytes_clear_20> has a constant value of 0 in block <manager>. This FF/Latch will be trimmed during the optimization process.
WARNING:Xst:1896 - Due to other FF/Latch trimming, FF/Latch <bytes_clear_21> has a constant value of 0 in block <manager>. This FF/Latch will be trimmed during the optimization process.
WARNING:Xst:1896 - Due to other FF/Latch trimming, FF/Latch <bytes_clear_22> has a constant value of 0 in block <manager>. This FF/Latch will be trimmed during the optimization process.
WARNING:Xst:1896 - Due to other FF/Latch trimming, FF/Latch <bytes_clear_23> has a constant value of 0 in block <manager>. This FF/Latch will be trimmed during the optimization process.
INFO:Xst:2261 - The FF/Latch <header_3_0> in Unit <manager> is equivalent to the following 3 FFs/Latches, which will be removed : <header_3_1> <header_3_2> <header_3_6> 
INFO:Xst:2261 - The FF/Latch <position_4> in Unit <manager> is equivalent to the following 27 FFs/Latches, which will be removed : <position_5> <position_6> <position_7> <position_8> <position_9> <position_10> <position_11> <position_12> <position_13> <position_14> <position_15> <position_16> <position_17> <position_18> <position_19> <position_20> <position_21> <position_22> <position_23> <position_24> <position_25> <position_26> <position_27> <position_28> <position_29> <position_30> <position_31> 
INFO:Xst:3203 - The FF/Latch <tmp_first> in Unit <manager> is the opposite to the following FF/Latch, which will be removed : <ok> 

Mapping all equations...
Building and optimizing final netlist ...
Found area constraint ratio of 100 (+ 5) on block manager, actual ratio is 1.
INFO:Xst:2260 - The FF/Latch <U0/xst_fifo_generator/gconvfifo.rf/grf.rf/gntv_or_sync_fifo.gl0.rd/gr1.rfwft/empty_fwft_i> in Unit <u0> is equivalent to the following FF/Latch : <U0/xst_fifo_generator/gconvfifo.rf/grf.rf/gntv_or_sync_fifo.gl0.rd/gr1.rfwft/empty_fwft_fb> 
INFO:Xst:2260 - The FF/Latch <U0/xst_fifo_generator/gconvfifo.rf/grf.rf/rstblk/ngwrdrst.grst.wr_rst_reg_1> in Unit <u0> is equivalent to the following FF/Latch : <U0/xst_fifo_generator/gconvfifo.rf/grf.rf/rstblk/ngwrdrst.grst.wr_rst_reg_0> 
INFO:Xst:2260 - The FF/Latch <U0/xst_fifo_generator/gconvfifo.rf/grf.rf/rstblk/ngwrdrst.grst.rd_rst_reg_2> in Unit <u0> is equivalent to the following 2 FFs/Latches : <U0/xst_fifo_generator/gconvfifo.rf/grf.rf/rstblk/ngwrdrst.grst.rd_rst_reg_1> <U0/xst_fifo_generator/gconvfifo.rf/grf.rf/rstblk/ngwrdrst.grst.rd_rst_reg_0> 
INFO:Xst:2260 - The FF/Latch <U0/xst_fifo_generator/gconvfifo.rf/grf.rf/gntv_or_sync_fifo.gl0.rd/gr1.rfwft/curr_fwft_state_FSM_FFd2> in Unit <u0> is equivalent to the following FF/Latch : <U0/xst_fifo_generator/gconvfifo.rf/grf.rf/gntv_or_sync_fifo.gl0.rd/gr1.rfwft/user_valid> 
INFO:Xst:2260 - The FF/Latch <U0/xst_fifo_generator/gconvfifo.rf/grf.rf/gntv_or_sync_fifo.gl0.wr/gwas.wsts/ram_full_i> in Unit <u0> is equivalent to the following FF/Latch : <U0/xst_fifo_generator/gconvfifo.rf/grf.rf/gntv_or_sync_fifo.gl0.wr/gwas.wsts/ram_full_fb_i> 
INFO:Xst:2260 - The FF/Latch <U0/xst_fifo_generator/gconvfifo.rf/grf.rf/gntv_or_sync_fifo.gl0.rd/gr1.rfwft/empty_fwft_i> in Unit <u0> is equivalent to the following FF/Latch : <U0/xst_fifo_generator/gconvfifo.rf/grf.rf/gntv_or_sync_fifo.gl0.rd/gr1.rfwft/empty_fwft_fb> 
INFO:Xst:2260 - The FF/Latch <U0/xst_fifo_generator/gconvfifo.rf/grf.rf/rstblk/ngwrdrst.grst.wr_rst_reg_1> in Unit <u0> is equivalent to the following FF/Latch : <U0/xst_fifo_generator/gconvfifo.rf/grf.rf/rstblk/ngwrdrst.grst.wr_rst_reg_0> 
INFO:Xst:2260 - The FF/Latch <U0/xst_fifo_generator/gconvfifo.rf/grf.rf/rstblk/ngwrdrst.grst.rd_rst_reg_2> in Unit <u0> is equivalent to the following 2 FFs/Latches : <U0/xst_fifo_generator/gconvfifo.rf/grf.rf/rstblk/ngwrdrst.grst.rd_rst_reg_1> <U0/xst_fifo_generator/gconvfifo.rf/grf.rf/rstblk/ngwrdrst.grst.rd_rst_reg_0> 
INFO:Xst:2260 - The FF/Latch <U0/xst_fifo_generator/gconvfifo.rf/grf.rf/gntv_or_sync_fifo.gl0.rd/gr1.rfwft/curr_fwft_state_FSM_FFd2> in Unit <u0> is equivalent to the following FF/Latch : <U0/xst_fifo_generator/gconvfifo.rf/grf.rf/gntv_or_sync_fifo.gl0.rd/gr1.rfwft/user_valid> 
INFO:Xst:2260 - The FF/Latch <U0/xst_fifo_generator/gconvfifo.rf/grf.rf/gntv_or_sync_fifo.gl0.wr/gwas.wsts/ram_full_i> in Unit <u0> is equivalent to the following FF/Latch : <U0/xst_fifo_generator/gconvfifo.rf/grf.rf/gntv_or_sync_fifo.gl0.wr/gwas.wsts/ram_full_fb_i> 
FlipFlop again has been replicated 1 time(s)
FlipFlop length3_4 has been replicated 1 time(s)
FlipFlop length_0 has been replicated 1 time(s)

Final Macro Processing ...

=========================================================================
Final Register Report

Macro Statistics
# Registers                                            : 542
 Flip-Flops                                            : 542

=========================================================================

=========================================================================
*                           Partition Report                            *
=========================================================================

Partition Implementation Status
-------------------------------

  No Partitions were found in this design.

-------------------------------

=========================================================================
*                            Design Summary                             *
=========================================================================

Top Level Output File Name         : manager.ngc

Primitive and Black Box Usage:
------------------------------
# BELS                             : 984
#      GND                         : 3
#      INV                         : 18
#      LUT1                        : 13
#      LUT2                        : 62
#      LUT3                        : 38
#      LUT4                        : 112
#      LUT5                        : 227
#      LUT6                        : 380
#      MUXCY                       : 93
#      MUXF7                       : 2
#      VCC                         : 2
#      XORCY                       : 34
# FlipFlops/Latches                : 699
#      FD                          : 32
#      FDC                         : 83
#      FDCE                        : 43
#      FDE                         : 492
#      FDP                         : 16
#      FDPE                        : 1
#      FDR                         : 12
#      FDRE                        : 16
#      FDSE                        : 4
# RAMS                             : 4
#      RAM16X1D                    : 2
#      RAM32M                      : 1
#      RAMB16BWER                  : 1
# Clock Buffers                    : 1
#      BUFGP                       : 1
# IO Buffers                       : 324
#      IBUF                        : 162
#      OBUF                        : 162

Device utilization summary:
---------------------------

Selected Device : 6slx100tfgg484-2 


Slice Logic Utilization: 
 Number of Slice Registers:             699  out of  126576     0%  
 Number of Slice LUTs:                  858  out of  63288     1%  
    Number used as Logic:               850  out of  63288     1%  
    Number used as Memory:                8  out of  15616     0%  
       Number used as RAM:                8

Slice Logic Distribution: 
 Number of LUT Flip Flop pairs used:   1257
   Number with an unused Flip Flop:     558  out of   1257    44%  
   Number with an unused LUT:           399  out of   1257    31%  
   Number of fully used LUT-FF pairs:   300  out of   1257    23%  
   Number of unique control sets:        50

IO Utilization: 
 Number of IOs:                         325
 Number of bonded IOBs:                 325  out of    296   109% (*) 

Specific Feature Utilization:
 Number of Block RAM/FIFO:                1  out of    268     0%  
    Number using Block RAM only:          1
 Number of BUFG/BUFGCTRLs:                1  out of     16     6%  

WARNING:Xst:1336 -  (*) More than 100% of Device resources are used

---------------------------
Partition Resource Summary:
---------------------------

  No Partitions were found in this design.

---------------------------


=========================================================================
Timing Report

NOTE: THESE TIMING NUMBERS ARE ONLY A SYNTHESIS ESTIMATE.
      FOR ACCURATE TIMING INFORMATION PLEASE REFER TO THE TRACE REPORT
      GENERATED AFTER PLACE-and-ROUTE.

Clock Information:
------------------
-----------------------------------+------------------------+-------+
Clock Signal                       | Clock buffer(FF name)  | Load  |
-----------------------------------+------------------------+-------+
clk                                | BUFGP                  | 703   |
-----------------------------------+------------------------+-------+

Asynchronous Control Signals Information:
----------------------------------------
No asynchronous control signals found in this design

Timing Summary:
---------------
Speed Grade: -2

   Minimum period: 7.947ns (Maximum Frequency: 125.835MHz)
   Minimum input arrival time before clock: 7.624ns
   Maximum output required time after clock: 4.202ns
   Maximum combinational path delay: No path found

Timing Details:
---------------
All values displayed in nanoseconds (ns)

=========================================================================
Timing constraint: Default period analysis for Clock 'clk'
  Clock period: 7.947ns (frequency: 125.835MHz)
  Total number of paths / destination ports: 28232 / 1443
-------------------------------------------------------------------------
Delay:               7.947ns (Levels of Logic = 12)
  Source:            bytes_clear_3 (FF)
  Destination:       tmp_out<1>_0 (FF)
  Source Clock:      clk rising
  Destination Clock: clk rising

  Data Path: bytes_clear_3 to tmp_out<1>_0
                                Gate     Net
    Cell:in->out      fanout   Delay   Delay  Logical Name (Net Name)
    ----------------------------------------  ------------
     FDE:C->Q              8   0.525   1.220  bytes_clear_3 (bytes_clear_3)
     LUT5:I1->O            1   0.254   0.000  Mcompar_bytes_clear[31]_GND_8_o_LessThan_416_o_lut<0> (Mcompar_bytes_clear[31]_GND_8_o_LessThan_416_o_lut<0>)
     MUXCY:S->O            1   0.215   0.000  Mcompar_bytes_clear[31]_GND_8_o_LessThan_416_o_cy<0> (Mcompar_bytes_clear[31]_GND_8_o_LessThan_416_o_cy<0>)
     MUXCY:CI->O           1   0.023   0.000  Mcompar_bytes_clear[31]_GND_8_o_LessThan_416_o_cy<1> (Mcompar_bytes_clear[31]_GND_8_o_LessThan_416_o_cy<1>)
     MUXCY:CI->O           1   0.023   0.000  Mcompar_bytes_clear[31]_GND_8_o_LessThan_416_o_cy<2> (Mcompar_bytes_clear[31]_GND_8_o_LessThan_416_o_cy<2>)
     MUXCY:CI->O           1   0.023   0.000  Mcompar_bytes_clear[31]_GND_8_o_LessThan_416_o_cy<3> (Mcompar_bytes_clear[31]_GND_8_o_LessThan_416_o_cy<3>)
     MUXCY:CI->O           1   0.023   0.000  Mcompar_bytes_clear[31]_GND_8_o_LessThan_416_o_cy<4> (Mcompar_bytes_clear[31]_GND_8_o_LessThan_416_o_cy<4>)
     MUXCY:CI->O           1   0.023   0.000  Mcompar_bytes_clear[31]_GND_8_o_LessThan_416_o_cy<5> (Mcompar_bytes_clear[31]_GND_8_o_LessThan_416_o_cy<5>)
     MUXCY:CI->O          65   0.023   1.937  Mcompar_bytes_clear[31]_GND_8_o_LessThan_416_o_cy<6> (Mcompar_bytes_clear[31]_GND_8_o_LessThan_416_o_cy<6>)
     LUT6:I5->O           13   0.254   1.098  Mmux_tmp_out[0][7]_GND_8_o_mux_776_OUT12521_1 (Mmux_tmp_out[0][7]_GND_8_o_mux_776_OUT12521)
     LUT6:I5->O            1   0.254   0.790  Mmux_tmp_out[1][7]_GND_8_o_mux_775_OUT121_SW0 (N315)
     LUT6:I4->O            1   0.250   0.682  Mmux_tmp_out[1][7]_GND_8_o_mux_775_OUT121 (Mmux_tmp_out[1][7]_GND_8_o_mux_775_OUT12)
     LUT6:I5->O            1   0.254   0.000  Mmux_tmp_out[1][7]_GND_8_o_mux_775_OUT126 (tmp_out[1][7]_GND_8_o_mux_775_OUT<3>)
     FDE:D                     0.074          tmp_out<1>_3
    ----------------------------------------
    Total                      7.947ns (2.220ns logic, 5.727ns route)
                                       (27.9% logic, 72.1% route)

=========================================================================
Timing constraint: Default OFFSET IN BEFORE for Clock 'clk'
  Total number of paths / destination ports: 1336 / 638
-------------------------------------------------------------------------
Offset:              7.624ns (Levels of Logic = 3)
  Source:            key_done (PAD)
  Destination:       pass_next (FF)
  Destination Clock: clk rising

  Data Path: key_done to pass_next
                                Gate     Net
    Cell:in->out      fanout   Delay   Delay  Logical Name (Net Name)
    ----------------------------------------  ------------
     IBUF:I->O            98   1.328   2.421  key_done_IBUF (key_done_IBUF)
     LUT3:I0->O            3   0.235   0.994  _n306211_SW0 (N148)
     LUT6:I3->O           67   0.235   1.952  _n182711 (_n18271)
     FDR:R                     0.459          pass_next
    ----------------------------------------
    Total                      7.624ns (2.257ns logic, 5.367ns route)
                                       (29.6% logic, 70.4% route)

=========================================================================
Timing constraint: Default OFFSET OUT AFTER for Clock 'clk'
  Total number of paths / destination ports: 162 / 162
-------------------------------------------------------------------------
Offset:              4.202ns (Levels of Logic = 1)
  Source:            tmp_first (FF)
  Destination:       first (PAD)
  Source Clock:      clk rising

  Data Path: tmp_first to first
                                Gate     Net
    Cell:in->out      fanout   Delay   Delay  Logical Name (Net Name)
    ----------------------------------------  ------------
     FDR:C->Q              3   0.525   0.765  tmp_first (tmp_first)
     OBUF:I->O                 2.912          first_OBUF (first)
    ----------------------------------------
    Total                      4.202ns (3.437ns logic, 0.765ns route)
                                       (81.8% logic, 18.2% route)

=========================================================================

Cross Clock Domains Report:
--------------------------

Clock to Setup on destination clock clk
---------------+---------+---------+---------+---------+
               | Src:Rise| Src:Fall| Src:Rise| Src:Fall|
Source Clock   |Dest:Rise|Dest:Rise|Dest:Fall|Dest:Fall|
---------------+---------+---------+---------+---------+
clk            |    7.947|         |         |         |
---------------+---------+---------+---------+---------+

=========================================================================


Total REAL time to Xst completion: 33.00 secs
Total CPU time to Xst completion: 32.43 secs
 
--> 

Total memory usage is 305980 kilobytes

Number of errors   :    0 (   0 filtered)
Number of warnings :  189 (   0 filtered)
Number of infos    :   20 (   0 filtered)

