Release 14.4 - xst P.49d (nt64)
Copyright (c) 1995-2012 Xilinx, Inc.  All rights reserved.
--> Parameter TMPDIR set to xst/projnav.tmp


Total REAL time to Xst completion: 0.00 secs
Total CPU time to Xst completion: 0.16 secs
 
--> Parameter xsthdpdir set to xst


Total REAL time to Xst completion: 0.00 secs
Total CPU time to Xst completion: 0.16 secs
 
--> Reading design: subbytes.prj

TABLE OF CONTENTS
  1) Synthesis Options Summary
  2) HDL Parsing
  3) HDL Elaboration
  4) HDL Synthesis
       4.1) HDL Synthesis Report
  5) Advanced HDL Synthesis
       5.1) Advanced HDL Synthesis Report
  6) Low Level Synthesis
  7) Partition Report
  8) Design Summary
       8.1) Primitive and Black Box Usage
       8.2) Device utilization summary
       8.3) Partition Resource Summary
       8.4) Timing Report
            8.4.1) Clock Information
            8.4.2) Asynchronous Control Signals Information
            8.4.3) Timing Summary
            8.4.4) Timing Details
            8.4.5) Cross Clock Domains Report


=========================================================================
*                      Synthesis Options Summary                        *
=========================================================================
---- Source Parameters
Input File Name                    : "subbytes.prj"
Ignore Synthesis Constraint File   : NO

---- Target Parameters
Output File Name                   : "subbytes"
Output Format                      : NGC
Target Device                      : xc6slx100t-2-fgg484

---- Source Options
Top Module Name                    : subbytes
Automatic FSM Extraction           : YES
FSM Encoding Algorithm             : Auto
Safe Implementation                : No
FSM Style                          : LUT
RAM Extraction                     : Yes
RAM Style                          : Auto
ROM Extraction                     : Yes
Shift Register Extraction          : YES
ROM Style                          : Auto
Resource Sharing                   : YES
Asynchronous To Synchronous        : NO
Shift Register Minimum Size        : 2
Use DSP Block                      : Auto
Automatic Register Balancing       : No

---- Target Options
LUT Combining                      : Auto
Reduce Control Sets                : Auto
Add IO Buffers                     : YES
Global Maximum Fanout              : 100000
Add Generic Clock Buffer(BUFG)     : 16
Register Duplication               : YES
Optimize Instantiated Primitives   : NO
Use Clock Enable                   : Auto
Use Synchronous Set                : Auto
Use Synchronous Reset              : Auto
Pack IO Registers into IOBs        : Auto
Equivalent register Removal        : YES

---- General Options
Optimization Goal                  : Speed
Optimization Effort                : 1
Power Reduction                    : NO
Keep Hierarchy                     : No
Netlist Hierarchy                  : As_Optimized
RTL Output                         : Yes
Global Optimization                : AllClockNets
Read Cores                         : YES
Write Timing Constraints           : NO
Cross Clock Analysis               : NO
Hierarchy Separator                : /
Bus Delimiter                      : <>
Case Specifier                     : Maintain
Slice Utilization Ratio            : 100
BRAM Utilization Ratio             : 100
DSP48 Utilization Ratio            : 100
Auto BRAM Packing                  : NO
Slice Utilization Ratio Delta      : 5

---- Other Options
Cores Search Directories           : {"coregen" "ipcore_dir"  }

=========================================================================


=========================================================================
*                          HDL Parsing                                  *
=========================================================================
Parsing VHDL file "C:\Users\gustaf.bengtz\Documents\aes\aes\rtl\byte.vhd" into library work
Parsing package <byte>.
Parsing VHDL file "C:\Users\gustaf.bengtz\Documents\aes\aes\rtl\word_p.vhd" into library work
Parsing package <word>.
Parsing package <packet>.
Parsing VHDL file "C:\Users\gustaf.bengtz\Documents\aes\aes\rtl\state_p.vhd" into library work
Parsing package <state>.
Parsing VHDL file "C:\Users\gustaf.bengtz\Documents\aes\aes\rtl\sbox_p.vhd" into library work
Parsing package <sbox>.
Parsing VHDL file "C:\Users\gustaf.bengtz\Documents\aes\aes\rtl\subbytes.vhd" into library work
Parsing entity <subbytes>.
Parsing architecture <behav> of entity <subbytes>.

=========================================================================
*                            HDL Elaboration                            *
=========================================================================

Elaborating entity <subbytes> (architecture <behav>) from library <work>.

=========================================================================
*                           HDL Synthesis                               *
=========================================================================

Synthesizing Unit <subbytes>.
    Related source file is "C:\Users\gustaf.bengtz\Documents\aes\aes\rtl\subbytes.vhd".
    Found 8-bit 16-to-1 multiplexer for signal <output<0><0>> created at line 289.
    Found 8-bit 16-to-1 multiplexer for signal <output<0><1>> created at line 289.
    Found 8-bit 16-to-1 multiplexer for signal <output<0><2>> created at line 289.
    Found 8-bit 16-to-1 multiplexer for signal <output<0><3>> created at line 289.
    Found 8-bit 16-to-1 multiplexer for signal <output<1><0>> created at line 289.
    Found 8-bit 16-to-1 multiplexer for signal <output<1><1>> created at line 289.
    Found 8-bit 16-to-1 multiplexer for signal <output<1><2>> created at line 289.
    Found 8-bit 16-to-1 multiplexer for signal <output<1><3>> created at line 289.
    Found 8-bit 16-to-1 multiplexer for signal <output<2><0>> created at line 289.
    Found 8-bit 16-to-1 multiplexer for signal <output<2><1>> created at line 289.
    Found 8-bit 16-to-1 multiplexer for signal <output<2><2>> created at line 289.
    Found 8-bit 16-to-1 multiplexer for signal <output<2><3>> created at line 289.
    Found 8-bit 16-to-1 multiplexer for signal <output<3><0>> created at line 289.
    Found 8-bit 16-to-1 multiplexer for signal <output<3><1>> created at line 289.
    Found 8-bit 16-to-1 multiplexer for signal <output<3><2>> created at line 289.
    Found 8-bit 16-to-1 multiplexer for signal <output<3><3>> created at line 289.
    Summary:
	inferred  16 Multiplexer(s).
Unit <subbytes> synthesized.

=========================================================================
HDL Synthesis Report

Macro Statistics
# Multiplexers                                         : 16
 8-bit 16-to-1 multiplexer                             : 16

=========================================================================

=========================================================================
*                       Advanced HDL Synthesis                          *
=========================================================================


=========================================================================
Advanced HDL Synthesis Report

Macro Statistics
# Multiplexers                                         : 16
 8-bit 16-to-1 multiplexer                             : 16

=========================================================================

=========================================================================
*                         Low Level Synthesis                           *
=========================================================================

Optimizing unit <subbytes> ...

Mapping all equations...
Building and optimizing final netlist ...
Found area constraint ratio of 100 (+ 5) on block subbytes, actual ratio is 6.

Final Macro Processing ...

=========================================================================
Final Register Report

Found no macro
=========================================================================

=========================================================================
*                           Partition Report                            *
=========================================================================

Partition Implementation Status
-------------------------------

  No Partitions were found in this design.

-------------------------------

=========================================================================
*                            Design Summary                             *
=========================================================================

Top Level Output File Name         : subbytes.ngc

Primitive and Black Box Usage:
------------------------------
# BELS                             : 896
#      LUT6                        : 512
#      MUXF7                       : 256
#      MUXF8                       : 128
# IO Buffers                       : 256
#      IBUF                        : 128
#      OBUF                        : 128

Device utilization summary:
---------------------------

Selected Device : 6slx100tfgg484-2 


Slice Logic Utilization: 
 Number of Slice LUTs:                  512  out of  63288     0%  
    Number used as Logic:               512  out of  63288     0%  

Slice Logic Distribution: 
 Number of LUT Flip Flop pairs used:    512
   Number with an unused Flip Flop:     512  out of    512   100%  
   Number with an unused LUT:             0  out of    512     0%  
   Number of fully used LUT-FF pairs:     0  out of    512     0%  
   Number of unique control sets:         0

IO Utilization: 
 Number of IOs:                         256
 Number of bonded IOBs:                 256  out of    296    86%  

Specific Feature Utilization:

---------------------------
Partition Resource Summary:
---------------------------

  No Partitions were found in this design.

---------------------------


=========================================================================
Timing Report

NOTE: THESE TIMING NUMBERS ARE ONLY A SYNTHESIS ESTIMATE.
      FOR ACCURATE TIMING INFORMATION PLEASE REFER TO THE TRACE REPORT
      GENERATED AFTER PLACE-and-ROUTE.

Clock Information:
------------------
No clock signals found in this design

Asynchronous Control Signals Information:
----------------------------------------
No asynchronous control signals found in this design

Timing Summary:
---------------
Speed Grade: -2

   Minimum period: No path found
   Minimum input arrival time before clock: No path found
   Maximum output required time after clock: No path found
   Maximum combinational path delay: 7.477ns

Timing Details:
---------------
All values displayed in nanoseconds (ns)

=========================================================================
Timing constraint: Default path analysis
  Total number of paths / destination ports: 3456 / 128
-------------------------------------------------------------------------
Delay:               7.477ns (Levels of Logic = 5)
  Source:            input<0><0><6> (PAD)
  Destination:       output<0><0><7> (PAD)

  Data Path: input<0><0><6> to output<0><0><7>
                                Gate     Net
    Cell:in->out      fanout   Delay   Delay  Logical Name (Net Name)
    ----------------------------------------  ------------
     IBUF:I->O            32   1.328   1.975  input_0__0__6_IBUF (input_0__0__6_IBUF)
     LUT6:I0->O            1   0.254   0.000  Mmux_output<0><0>_42 (Mmux_output<0><0>_42)
     MUXF7:I1->O           1   0.175   0.000  Mmux_output<0><0>_3_f7_1 (Mmux_output<0><0>_3_f72)
     MUXF8:I1->O           1   0.152   0.681  Mmux_output<0><0>_2_f8_1 (output_0__0__2_OBUF)
     OBUF:I->O                 2.912          output_0__0__2_OBUF (output<0><0><2>)
    ----------------------------------------
    Total                      7.477ns (4.821ns logic, 2.656ns route)
                                       (64.5% logic, 35.5% route)

=========================================================================

Cross Clock Domains Report:
--------------------------

=========================================================================


Total REAL time to Xst completion: 45.00 secs
Total CPU time to Xst completion: 44.89 secs
 
--> 

Total memory usage is 345660 kilobytes

Number of errors   :    0 (   0 filtered)
Number of warnings :    0 (   0 filtered)
Number of infos    :    0 (   0 filtered)

